#
# A fatal error has been detected by the Java Runtime Environment:
#
#  EXCEPTION_ACCESS_VIOLATION (0xc0000005) at pc=0x0000015c94d51e50, pid=948, tid=7876
#
# JRE version: Java(TM) SE Runtime Environment 18.9 (11.0.11+9) (build 11.0.11+9-LTS-194)
# Java VM: Java HotSpot(TM) 64-Bit Server VM 18.9 (11.0.11+9-LTS-194, mixed mode, tiered, compressed oops, g1 gc, windows-amd64)
# Problematic frame:
# j  javax.validation.Validation.byDefaultProvider()Ljavax/validation/bootstrap/GenericBootstrap;+0
#
# No core dump will be written. Minidumps are not enabled by default on client versions of Windows
#
# If you would like to submit a bug report, please visit:
#   https://bugreport.java.com/bugreport/crash.jsp
#

---------------  S U M M A R Y ------------

Command Line: -agentlib:jdwp=transport=dt_socket,address=127.0.0.1:58011,suspend=y,server=n -XX:TieredStopAtLevel=1 -Xverify:none -Dspring.output.ansi.enabled=always -javaagent:C:\Users\tauan\AppData\Local\JetBrains\IntelliJIdea2021.1\captureAgent\debugger-agent.jar -Dcom.sun.management.jmxremote -Dspring.jmx.enabled=true -Dspring.liveBeansView.mbeanDomain -Dspring.application.admin.enabled=true -Dfile.encoding=UTF-8 br.edu.infnet.AT_Web.AtWebApplication

Host: Intel(R) Xeon(R) Platinum 8272CL CPU @ 2.60GHz, 4 cores, 15G,  Windows 10 , 64 bit Build 19041 (10.0.19041.1202)
Time: Thu Oct  7 13:30:23 2021 Coordinated Universal Time elapsed time: 1.772123 seconds (0d 0h 0m 1s)

---------------  T H R E A D  ---------------

Current thread (0x0000015cb1ae1000):  JavaThread "background-preinit" [_thread_in_Java, id=7876, stack(0x0000003feb000000,0x0000003feb100000)]

Stack: [0x0000003feb000000,0x0000003feb100000],  sp=0x0000003feb0febb8,  free space=1018k
Native frames: (J=compiled Java code, j=interpreted, Vv=VM code, C=native code)
C  0x0000015c94d51e50


siginfo: EXCEPTION_ACCESS_VIOLATION (0xc0000005), reading address 0x0000015cb2e662c0


Register to memory mapping:

RIP=0x0000015c94d51e50 is at code_begin+432 in an Interpreter codelet
fast_igetfield  208 fast_igetfield  [0x0000015c94d51ca0, 0x0000015c94d51e80]  480 bytes
RAX=0x0000000000000003 is an unknown value
RBX=0x000000000002cbfc is an unknown value
RCX=0x0000015cb2d002b0 is pointing into metadata
RDX=0x0 is NULL
RSP=0x0000003feb0febb8 is pointing into the stack for thread: 0x0000015cb1ae1000
RBP=0x0000003feb0fec00 is pointing into the stack for thread: 0x0000015cb1ae1000
RSI=0x0000000020200020 is an unknown value
RDI=0x0000000000000010 is an unknown value
R8 =0x0000000000000008 is an unknown value
R9 =0x0000000000000004 is an unknown value
R10=0x00007ffd95f21eb0 jvm.dll
R11={method} {0x0000015cb2d00048} 'byDefaultProvider' '()Ljavax/validation/bootstrap/GenericBootstrap;' in 'javax/validation/Validation'
R12=0x0 is NULL
R13=0x0000015cb2cfffd8 is pointing into metadata
R14=0x0000003feb0fec08 is pointing into the stack for thread: 0x0000015cb1ae1000
R15=0x0000015cb1ae1000 is a thread


Registers:
RAX=0x0000000000000003, RBX=0x000000000002cbfc, RCX=0x0000015cb2d002b0, RDX=0x0000000000000000
RSP=0x0000003feb0febb8, RBP=0x0000003feb0fec00, RSI=0x0000000020200020, RDI=0x0000000000000010
R8 =0x0000000000000008, R9 =0x0000000000000004, R10=0x00007ffd95f21eb0, R11=0x0000015cb2d00040
R12=0x0000000000000000, R13=0x0000015cb2cfffd8, R14=0x0000003feb0fec08, R15=0x0000015cb1ae1000
RIP=0x0000015c94d51e50, EFLAGS=0x0000000000010206

Top of Stack: (sp=0x0000003feb0febb8)
0x0000003feb0febb8:   0000003feb0febb8 0000015cb2cfffd0
0x0000003feb0febc8:   0000003feb0fec08 0000015cb2d002b0
0x0000003feb0febd8:   0000000000000000 000000070d2a0dd0
0x0000003feb0febe8:   0000015cb2d00040 0000000000000000
0x0000003feb0febf8:   0000003feb0fec10 0000003feb0fec58
0x0000003feb0fec08:   0000015c94d2c810 0000003feb0fec10
0x0000003feb0fec18:   0000015cb2cff958 0000003feb0fec70
0x0000003feb0fec28:   0000015cb2cffad8 0000000000000000
0x0000003feb0fec38:   000000070d296e20 0000015cb2cff990
0x0000003feb0fec48:   0000003feb0fec10 0000003feb0fec70
0x0000003feb0fec58:   0000003feb0fecc0 0000015c94d2ce04
0x0000003feb0fec68:   0000000000000000 000000070d296f70
0x0000003feb0fec78:   0000003feb0fec78 0000015cb2cf8d11
0x0000003feb0fec88:   0000003feb0fece0 0000015cb2cf8e00
0x0000003feb0fec98:   0000000000000000 000000070d272518
0x0000003feb0feca8:   0000015cb2cf8d50 0000003feb0fec70 

Instructions: (pc=0x0000015c94d51e50)
0x0000015c94d51e30:   84 05 00 00 00 e9 c6 ee fc ff 4c 8b 6d c0 4c 8b
0x0000015c94d51e40:   75 c8 c3 58 41 0f b7 5d 01 48 8b 4d d0 c1 e3 02
0x0000015c94d51e50:   48 8b 5c d9 30 48 3b 00 8b 04 18 41 0f b6 5d 03
0x0000015c94d51e60:   49 83 c5 03 49 ba b0 d2 f3 95 fd 7f 00 00 41 ff 


Stack slot to memory mapping:
stack at sp + 0 slots: 0x0000003feb0febb8 is pointing into the stack for thread: 0x0000015cb1ae1000
stack at sp + 1 slots: 0x0000015cb2cfffd0 is pointing into metadata
stack at sp + 2 slots: 0x0000003feb0fec08 is pointing into the stack for thread: 0x0000015cb1ae1000
stack at sp + 3 slots: 0x0000015cb2d002b0 is pointing into metadata
stack at sp + 4 slots: 0x0 is NULL
stack at sp + 5 slots: 0x000000070d2a0dd0 is an oop: java.lang.Class 
{0x000000070d2a0dd0} - klass: 'java/lang/Class'
stack at sp + 6 slots: {method} {0x0000015cb2d00048} 'byDefaultProvider' '()Ljavax/validation/bootstrap/GenericBootstrap;' in 'javax/validation/Validation'
stack at sp + 7 slots: 0x0 is NULL

fast_igetfield  208 fast_igetfield  [0x0000015c94d51ca0, 0x0000015c94d51e80]  480 bytes

---------------  P R O C E S S  ---------------

Threads class SMR info:
_java_thread_list=0x0000015cb1abc140, length=16, elements={
0x0000015c8c87e800, 0x0000015cafa20000, 0x0000015cafa21800, 0x0000015cb0326800,
0x0000015cb032a000, 0x0000015cb032b000, 0x0000015cb034b000, 0x0000015cb02d1000,
0x0000015cb050a000, 0x0000015cb050b000, 0x0000015cb050c800, 0x0000015cb0972800,
0x0000015cb0b9e800, 0x0000015cb19ce000, 0x0000015cb1a4c800, 0x0000015cb1ae1000
}

Java Threads: ( => current thread )
  0x0000015c8c87e800 JavaThread "main" [_thread_in_vm, id=1992, stack(0x0000003fe9700000,0x0000003fe9800000)]
  0x0000015cafa20000 JavaThread "Reference Handler" daemon [_thread_blocked, id=5564, stack(0x0000003fe9e00000,0x0000003fe9f00000)]
  0x0000015cafa21800 JavaThread "Finalizer" daemon [_thread_blocked, id=4800, stack(0x0000003fe9f00000,0x0000003fea000000)]
  0x0000015cb0326800 JavaThread "Signal Dispatcher" daemon [_thread_blocked, id=6148, stack(0x0000003fea000000,0x0000003fea100000)]
  0x0000015cb032a000 JavaThread "Attach Listener" daemon [_thread_blocked, id=2856, stack(0x0000003fea100000,0x0000003fea200000)]
  0x0000015cb032b000 JavaThread "C1 CompilerThread0" daemon [_thread_blocked, id=6376, stack(0x0000003fea200000,0x0000003fea300000)]
  0x0000015cb034b000 JavaThread "Sweeper thread" daemon [_thread_blocked, id=10176, stack(0x0000003fea300000,0x0000003fea400000)]
  0x0000015cb02d1000 JavaThread "Common-Cleaner" daemon [_thread_blocked, id=9740, stack(0x0000003fea400000,0x0000003fea500000)]
  0x0000015cb050a000 JavaThread "JDWP Transport Listener: dt_socket" daemon [_thread_blocked, id=496, stack(0x0000003fea500000,0x0000003fea600000)]
  0x0000015cb050b000 JavaThread "JDWP Event Helper Thread" daemon [_thread_blocked, id=9448, stack(0x0000003fea600000,0x0000003fea700000)]
  0x0000015cb050c800 JavaThread "JDWP Command Reader" daemon [_thread_in_native, id=9660, stack(0x0000003fea700000,0x0000003fea800000)]
  0x0000015cb0972800 JavaThread "Service Thread" daemon [_thread_blocked, id=3516, stack(0x0000003fea800000,0x0000003fea900000)]
  0x0000015cb0b9e800 JavaThread "RMI TCP Accept-0" daemon [_thread_in_native, id=1988, stack(0x0000003feac00000,0x0000003fead00000)]
  0x0000015cb19ce000 JavaThread "RMI TCP Connection(1)-10.1.0.4" daemon [_thread_in_native, id=2436, stack(0x0000003feae00000,0x0000003feaf00000)]
  0x0000015cb1a4c800 JavaThread "RMI Scheduler(0)" daemon [_thread_blocked, id=4784, stack(0x0000003feaf00000,0x0000003feb000000)]
=>0x0000015cb1ae1000 JavaThread "background-preinit" [_thread_in_Java, id=7876, stack(0x0000003feb000000,0x0000003feb100000)]

Other Threads:
  0x0000015cafa46000 VMThread "VM Thread" [stack: 0x0000003fe9d00000,0x0000003fe9e00000] [id=9284]
  0x0000015cb0bba000 WatcherThread [stack: 0x0000003fead00000,0x0000003feae00000] [id=5096]
  0x0000015c8c893800 GCTaskThread "GC Thread#0" [stack: 0x0000003fe9800000,0x0000003fe9900000] [id=6504]
  0x0000015cb0b26000 GCTaskThread "GC Thread#1" [stack: 0x0000003fea900000,0x0000003feaa00000] [id=4616]
  0x0000015cb0b26800 GCTaskThread "GC Thread#2" [stack: 0x0000003feaa00000,0x0000003feab00000] [id=6032]
  0x0000015cb0b27800 GCTaskThread "GC Thread#3" [stack: 0x0000003feab00000,0x0000003feac00000] [id=8024]
  0x0000015c8c8f0800 ConcurrentGCThread "G1 Main Marker" [stack: 0x0000003fe9900000,0x0000003fe9a00000] [id=8700]
  0x0000015c8c8f3800 ConcurrentGCThread "G1 Conc#0" [stack: 0x0000003fe9a00000,0x0000003fe9b00000] [id=3956]
  0x0000015caf901800 ConcurrentGCThread "G1 Refine#0" [stack: 0x0000003fe9b00000,0x0000003fe9c00000] [id=9488]
  0x0000015caf902000 ConcurrentGCThread "G1 Young RemSet Sampling" [stack: 0x0000003fe9c00000,0x0000003fe9d00000] [id=6960]

Threads with active compile tasks:

VM state:not at safepoint (normal execution)

VM Mutex/Monitor currently owned by a thread: None

Heap address: 0x0000000700000000, size: 4096 MB, Compressed Oops mode: Zero based, Oop shift amount: 3
Narrow klass base: 0x0000000800000000, Narrow klass shift: 0
Compressed class space size: 1073741824 Address: 0x0000000800000000

Heap:
 garbage-first heap   total 262144K, used 50654K [0x0000000700000000, 0x0000000800000000)
  region size 1024K, 48 young (49152K), 2 survivors (2048K)
 Metaspace       used 20019K, capacity 20750K, committed 20864K, reserved 1067008K
  class space    used 2325K, capacity 2608K, committed 2688K, reserved 1048576K
Heap Regions: E=young(eden), S=young(survivor), O=old, HS=humongous(starts), HC=humongous(continues), CS=collection set, F=free, A=archive, TAMS=top-at-mark-start (previous, next)
|   0|0x0000000700000000, 0x0000000700000000, 0x0000000700100000|  0%| F|  |TAMS 0x0000000700000000, 0x0000000700000000| Untracked 
|   1|0x0000000700100000, 0x0000000700200000, 0x0000000700200000|100%| O|  |TAMS 0x0000000700100000, 0x0000000700100000| Untracked 
|   2|0x0000000700200000, 0x0000000700300000, 0x0000000700300000|100%| O|  |TAMS 0x0000000700200000, 0x0000000700200000| Untracked 
|   3|0x0000000700300000, 0x0000000700377a00, 0x0000000700400000| 46%| O|  |TAMS 0x0000000700300000, 0x0000000700300000| Untracked 
|   4|0x0000000700400000, 0x0000000700400000, 0x0000000700500000|  0%| F|  |TAMS 0x0000000700400000, 0x0000000700400000| Untracked 
|   5|0x0000000700500000, 0x0000000700500000, 0x0000000700600000|  0%| F|  |TAMS 0x0000000700500000, 0x0000000700500000| Untracked 
|   6|0x0000000700600000, 0x0000000700600000, 0x0000000700700000|  0%| F|  |TAMS 0x0000000700600000, 0x0000000700600000| Untracked 
|   7|0x0000000700700000, 0x0000000700700000, 0x0000000700800000|  0%| F|  |TAMS 0x0000000700700000, 0x0000000700700000| Untracked 
|   8|0x0000000700800000, 0x0000000700800000, 0x0000000700900000|  0%| F|  |TAMS 0x0000000700800000, 0x0000000700800000| Untracked 
|   9|0x0000000700900000, 0x0000000700900000, 0x0000000700a00000|  0%| F|  |TAMS 0x0000000700900000, 0x0000000700900000| Untracked 
|  10|0x0000000700a00000, 0x0000000700a00000, 0x0000000700b00000|  0%| F|  |TAMS 0x0000000700a00000, 0x0000000700a00000| Untracked 
|  11|0x0000000700b00000, 0x0000000700b00000, 0x0000000700c00000|  0%| F|  |TAMS 0x0000000700b00000, 0x0000000700b00000| Untracked 
|  12|0x0000000700c00000, 0x0000000700c00000, 0x0000000700d00000|  0%| F|  |TAMS 0x0000000700c00000, 0x0000000700c00000| Untracked 
|  13|0x0000000700d00000, 0x0000000700d00000, 0x0000000700e00000|  0%| F|  |TAMS 0x0000000700d00000, 0x0000000700d00000| Untracked 
|  14|0x0000000700e00000, 0x0000000700e00000, 0x0000000700f00000|  0%| F|  |TAMS 0x0000000700e00000, 0x0000000700e00000| Untracked 
|  15|0x0000000700f00000, 0x0000000700f00000, 0x0000000701000000|  0%| F|  |TAMS 0x0000000700f00000, 0x0000000700f00000| Untracked 
|  16|0x0000000701000000, 0x0000000701000000, 0x0000000701100000|  0%| F|  |TAMS 0x0000000701000000, 0x0000000701000000| Untracked 
|  17|0x0000000701100000, 0x0000000701100000, 0x0000000701200000|  0%| F|  |TAMS 0x0000000701100000, 0x0000000701100000| Untracked 
|  18|0x0000000701200000, 0x0000000701200000, 0x0000000701300000|  0%| F|  |TAMS 0x0000000701200000, 0x0000000701200000| Untracked 
|  19|0x0000000701300000, 0x0000000701300000, 0x0000000701400000|  0%| F|  |TAMS 0x0000000701300000, 0x0000000701300000| Untracked 
|  20|0x0000000701400000, 0x0000000701400000, 0x0000000701500000|  0%| F|  |TAMS 0x0000000701400000, 0x0000000701400000| Untracked 
|  21|0x0000000701500000, 0x0000000701500000, 0x0000000701600000|  0%| F|  |TAMS 0x0000000701500000, 0x0000000701500000| Untracked 
|  22|0x0000000701600000, 0x0000000701600000, 0x0000000701700000|  0%| F|  |TAMS 0x0000000701600000, 0x0000000701600000| Untracked 
|  23|0x0000000701700000, 0x0000000701700000, 0x0000000701800000|  0%| F|  |TAMS 0x0000000701700000, 0x0000000701700000| Untracked 
|  24|0x0000000701800000, 0x0000000701800000, 0x0000000701900000|  0%| F|  |TAMS 0x0000000701800000, 0x0000000701800000| Untracked 
|  25|0x0000000701900000, 0x0000000701900000, 0x0000000701a00000|  0%| F|  |TAMS 0x0000000701900000, 0x0000000701900000| Untracked 
|  26|0x0000000701a00000, 0x0000000701a00000, 0x0000000701b00000|  0%| F|  |TAMS 0x0000000701a00000, 0x0000000701a00000| Untracked 
|  27|0x0000000701b00000, 0x0000000701b00000, 0x0000000701c00000|  0%| F|  |TAMS 0x0000000701b00000, 0x0000000701b00000| Untracked 
|  28|0x0000000701c00000, 0x0000000701c00000, 0x0000000701d00000|  0%| F|  |TAMS 0x0000000701c00000, 0x0000000701c00000| Untracked 
|  29|0x0000000701d00000, 0x0000000701d00000, 0x0000000701e00000|  0%| F|  |TAMS 0x0000000701d00000, 0x0000000701d00000| Untracked 
|  30|0x0000000701e00000, 0x0000000701e00000, 0x0000000701f00000|  0%| F|  |TAMS 0x0000000701e00000, 0x0000000701e00000| Untracked 
|  31|0x0000000701f00000, 0x0000000701f00000, 0x0000000702000000|  0%| F|  |TAMS 0x0000000701f00000, 0x0000000701f00000| Untracked 
|  32|0x0000000702000000, 0x0000000702000000, 0x0000000702100000|  0%| F|  |TAMS 0x0000000702000000, 0x0000000702000000| Untracked 
|  33|0x0000000702100000, 0x0000000702100000, 0x0000000702200000|  0%| F|  |TAMS 0x0000000702100000, 0x0000000702100000| Untracked 
|  34|0x0000000702200000, 0x0000000702200000, 0x0000000702300000|  0%| F|  |TAMS 0x0000000702200000, 0x0000000702200000| Untracked 
|  35|0x0000000702300000, 0x0000000702300000, 0x0000000702400000|  0%| F|  |TAMS 0x0000000702300000, 0x0000000702300000| Untracked 
|  36|0x0000000702400000, 0x0000000702400000, 0x0000000702500000|  0%| F|  |TAMS 0x0000000702400000, 0x0000000702400000| Untracked 
|  37|0x0000000702500000, 0x0000000702500000, 0x0000000702600000|  0%| F|  |TAMS 0x0000000702500000, 0x0000000702500000| Untracked 
|  38|0x0000000702600000, 0x0000000702600000, 0x0000000702700000|  0%| F|  |TAMS 0x0000000702600000, 0x0000000702600000| Untracked 
|  39|0x0000000702700000, 0x0000000702700000, 0x0000000702800000|  0%| F|  |TAMS 0x0000000702700000, 0x0000000702700000| Untracked 
|  40|0x0000000702800000, 0x0000000702800000, 0x0000000702900000|  0%| F|  |TAMS 0x0000000702800000, 0x0000000702800000| Untracked 
|  41|0x0000000702900000, 0x0000000702900000, 0x0000000702a00000|  0%| F|  |TAMS 0x0000000702900000, 0x0000000702900000| Untracked 
|  42|0x0000000702a00000, 0x0000000702a00000, 0x0000000702b00000|  0%| F|  |TAMS 0x0000000702a00000, 0x0000000702a00000| Untracked 
|  43|0x0000000702b00000, 0x0000000702b00000, 0x0000000702c00000|  0%| F|  |TAMS 0x0000000702b00000, 0x0000000702b00000| Untracked 
|  44|0x0000000702c00000, 0x0000000702c00000, 0x0000000702d00000|  0%| F|  |TAMS 0x0000000702c00000, 0x0000000702c00000| Untracked 
|  45|0x0000000702d00000, 0x0000000702d00000, 0x0000000702e00000|  0%| F|  |TAMS 0x0000000702d00000, 0x0000000702d00000| Untracked 
|  46|0x0000000702e00000, 0x0000000702e00000, 0x0000000702f00000|  0%| F|  |TAMS 0x0000000702e00000, 0x0000000702e00000| Untracked 
|  47|0x0000000702f00000, 0x0000000702f00000, 0x0000000703000000|  0%| F|  |TAMS 0x0000000702f00000, 0x0000000702f00000| Untracked 
|  48|0x0000000703000000, 0x0000000703000000, 0x0000000703100000|  0%| F|  |TAMS 0x0000000703000000, 0x0000000703000000| Untracked 
|  49|0x0000000703100000, 0x0000000703100000, 0x0000000703200000|  0%| F|  |TAMS 0x0000000703100000, 0x0000000703100000| Untracked 
|  50|0x0000000703200000, 0x0000000703200000, 0x0000000703300000|  0%| F|  |TAMS 0x0000000703200000, 0x0000000703200000| Untracked 
|  51|0x0000000703300000, 0x0000000703300000, 0x0000000703400000|  0%| F|  |TAMS 0x0000000703300000, 0x0000000703300000| Untracked 
|  52|0x0000000703400000, 0x0000000703400000, 0x0000000703500000|  0%| F|  |TAMS 0x0000000703400000, 0x0000000703400000| Untracked 
|  53|0x0000000703500000, 0x0000000703500000, 0x0000000703600000|  0%| F|  |TAMS 0x0000000703500000, 0x0000000703500000| Untracked 
|  54|0x0000000703600000, 0x0000000703600000, 0x0000000703700000|  0%| F|  |TAMS 0x0000000703600000, 0x0000000703600000| Untracked 
|  55|0x0000000703700000, 0x0000000703700000, 0x0000000703800000|  0%| F|  |TAMS 0x0000000703700000, 0x0000000703700000| Untracked 
|  56|0x0000000703800000, 0x0000000703800000, 0x0000000703900000|  0%| F|  |TAMS 0x0000000703800000, 0x0000000703800000| Untracked 
|  57|0x0000000703900000, 0x0000000703900000, 0x0000000703a00000|  0%| F|  |TAMS 0x0000000703900000, 0x0000000703900000| Untracked 
|  58|0x0000000703a00000, 0x0000000703a00000, 0x0000000703b00000|  0%| F|  |TAMS 0x0000000703a00000, 0x0000000703a00000| Untracked 
|  59|0x0000000703b00000, 0x0000000703b00000, 0x0000000703c00000|  0%| F|  |TAMS 0x0000000703b00000, 0x0000000703b00000| Untracked 
|  60|0x0000000703c00000, 0x0000000703c00000, 0x0000000703d00000|  0%| F|  |TAMS 0x0000000703c00000, 0x0000000703c00000| Untracked 
|  61|0x0000000703d00000, 0x0000000703d00000, 0x0000000703e00000|  0%| F|  |TAMS 0x0000000703d00000, 0x0000000703d00000| Untracked 
|  62|0x0000000703e00000, 0x0000000703e00000, 0x0000000703f00000|  0%| F|  |TAMS 0x0000000703e00000, 0x0000000703e00000| Untracked 
|  63|0x0000000703f00000, 0x0000000703f00000, 0x0000000704000000|  0%| F|  |TAMS 0x0000000703f00000, 0x0000000703f00000| Untracked 
|  64|0x0000000704000000, 0x0000000704000000, 0x0000000704100000|  0%| F|  |TAMS 0x0000000704000000, 0x0000000704000000| Untracked 
|  65|0x0000000704100000, 0x0000000704100000, 0x0000000704200000|  0%| F|  |TAMS 0x0000000704100000, 0x0000000704100000| Untracked 
|  66|0x0000000704200000, 0x0000000704200000, 0x0000000704300000|  0%| F|  |TAMS 0x0000000704200000, 0x0000000704200000| Untracked 
|  67|0x0000000704300000, 0x0000000704300000, 0x0000000704400000|  0%| F|  |TAMS 0x0000000704300000, 0x0000000704300000| Untracked 
|  68|0x0000000704400000, 0x0000000704400000, 0x0000000704500000|  0%| F|  |TAMS 0x0000000704400000, 0x0000000704400000| Untracked 
|  69|0x0000000704500000, 0x0000000704500000, 0x0000000704600000|  0%| F|  |TAMS 0x0000000704500000, 0x0000000704500000| Untracked 
|  70|0x0000000704600000, 0x0000000704600000, 0x0000000704700000|  0%| F|  |TAMS 0x0000000704600000, 0x0000000704600000| Untracked 
|  71|0x0000000704700000, 0x0000000704700000, 0x0000000704800000|  0%| F|  |TAMS 0x0000000704700000, 0x0000000704700000| Untracked 
|  72|0x0000000704800000, 0x0000000704800000, 0x0000000704900000|  0%| F|  |TAMS 0x0000000704800000, 0x0000000704800000| Untracked 
|  73|0x0000000704900000, 0x0000000704900000, 0x0000000704a00000|  0%| F|  |TAMS 0x0000000704900000, 0x0000000704900000| Untracked 
|  74|0x0000000704a00000, 0x0000000704a00000, 0x0000000704b00000|  0%| F|  |TAMS 0x0000000704a00000, 0x0000000704a00000| Untracked 
|  75|0x0000000704b00000, 0x0000000704b00000, 0x0000000704c00000|  0%| F|  |TAMS 0x0000000704b00000, 0x0000000704b00000| Untracked 
|  76|0x0000000704c00000, 0x0000000704c00000, 0x0000000704d00000|  0%| F|  |TAMS 0x0000000704c00000, 0x0000000704c00000| Untracked 
|  77|0x0000000704d00000, 0x0000000704d00000, 0x0000000704e00000|  0%| F|  |TAMS 0x0000000704d00000, 0x0000000704d00000| Untracked 
|  78|0x0000000704e00000, 0x0000000704e00000, 0x0000000704f00000|  0%| F|  |TAMS 0x0000000704e00000, 0x0000000704e00000| Untracked 
|  79|0x0000000704f00000, 0x0000000704f00000, 0x0000000705000000|  0%| F|  |TAMS 0x0000000704f00000, 0x0000000704f00000| Untracked 
|  80|0x0000000705000000, 0x0000000705000000, 0x0000000705100000|  0%| F|  |TAMS 0x0000000705000000, 0x0000000705000000| Untracked 
|  81|0x0000000705100000, 0x0000000705100000, 0x0000000705200000|  0%| F|  |TAMS 0x0000000705100000, 0x0000000705100000| Untracked 
|  82|0x0000000705200000, 0x0000000705200000, 0x0000000705300000|  0%| F|  |TAMS 0x0000000705200000, 0x0000000705200000| Untracked 
|  83|0x0000000705300000, 0x0000000705300000, 0x0000000705400000|  0%| F|  |TAMS 0x0000000705300000, 0x0000000705300000| Untracked 
|  84|0x0000000705400000, 0x0000000705400000, 0x0000000705500000|  0%| F|  |TAMS 0x0000000705400000, 0x0000000705400000| Untracked 
|  85|0x0000000705500000, 0x0000000705500000, 0x0000000705600000|  0%| F|  |TAMS 0x0000000705500000, 0x0000000705500000| Untracked 
|  86|0x0000000705600000, 0x0000000705600000, 0x0000000705700000|  0%| F|  |TAMS 0x0000000705600000, 0x0000000705600000| Untracked 
|  87|0x0000000705700000, 0x0000000705700000, 0x0000000705800000|  0%| F|  |TAMS 0x0000000705700000, 0x0000000705700000| Untracked 
|  88|0x0000000705800000, 0x0000000705800000, 0x0000000705900000|  0%| F|  |TAMS 0x0000000705800000, 0x0000000705800000| Untracked 
|  89|0x0000000705900000, 0x0000000705900000, 0x0000000705a00000|  0%| F|  |TAMS 0x0000000705900000, 0x0000000705900000| Untracked 
|  90|0x0000000705a00000, 0x0000000705a00000, 0x0000000705b00000|  0%| F|  |TAMS 0x0000000705a00000, 0x0000000705a00000| Untracked 
|  91|0x0000000705b00000, 0x0000000705b00000, 0x0000000705c00000|  0%| F|  |TAMS 0x0000000705b00000, 0x0000000705b00000| Untracked 
|  92|0x0000000705c00000, 0x0000000705c00000, 0x0000000705d00000|  0%| F|  |TAMS 0x0000000705c00000, 0x0000000705c00000| Untracked 
|  93|0x0000000705d00000, 0x0000000705d00000, 0x0000000705e00000|  0%| F|  |TAMS 0x0000000705d00000, 0x0000000705d00000| Untracked 
|  94|0x0000000705e00000, 0x0000000705e00000, 0x0000000705f00000|  0%| F|  |TAMS 0x0000000705e00000, 0x0000000705e00000| Untracked 
|  95|0x0000000705f00000, 0x0000000705f00000, 0x0000000706000000|  0%| F|  |TAMS 0x0000000705f00000, 0x0000000705f00000| Untracked 
|  96|0x0000000706000000, 0x0000000706000000, 0x0000000706100000|  0%| F|  |TAMS 0x0000000706000000, 0x0000000706000000| Untracked 
|  97|0x0000000706100000, 0x0000000706100000, 0x0000000706200000|  0%| F|  |TAMS 0x0000000706100000, 0x0000000706100000| Untracked 
|  98|0x0000000706200000, 0x0000000706200000, 0x0000000706300000|  0%| F|  |TAMS 0x0000000706200000, 0x0000000706200000| Untracked 
|  99|0x0000000706300000, 0x0000000706300000, 0x0000000706400000|  0%| F|  |TAMS 0x0000000706300000, 0x0000000706300000| Untracked 
| 100|0x0000000706400000, 0x0000000706400000, 0x0000000706500000|  0%| F|  |TAMS 0x0000000706400000, 0x0000000706400000| Untracked 
| 101|0x0000000706500000, 0x0000000706500000, 0x0000000706600000|  0%| F|  |TAMS 0x0000000706500000, 0x0000000706500000| Untracked 
| 102|0x0000000706600000, 0x0000000706600000, 0x0000000706700000|  0%| F|  |TAMS 0x0000000706600000, 0x0000000706600000| Untracked 
| 103|0x0000000706700000, 0x0000000706700000, 0x0000000706800000|  0%| F|  |TAMS 0x0000000706700000, 0x0000000706700000| Untracked 
| 104|0x0000000706800000, 0x0000000706800000, 0x0000000706900000|  0%| F|  |TAMS 0x0000000706800000, 0x0000000706800000| Untracked 
| 105|0x0000000706900000, 0x0000000706900000, 0x0000000706a00000|  0%| F|  |TAMS 0x0000000706900000, 0x0000000706900000| Untracked 
| 106|0x0000000706a00000, 0x0000000706a00000, 0x0000000706b00000|  0%| F|  |TAMS 0x0000000706a00000, 0x0000000706a00000| Untracked 
| 107|0x0000000706b00000, 0x0000000706b00000, 0x0000000706c00000|  0%| F|  |TAMS 0x0000000706b00000, 0x0000000706b00000| Untracked 
| 108|0x0000000706c00000, 0x0000000706c00000, 0x0000000706d00000|  0%| F|  |TAMS 0x0000000706c00000, 0x0000000706c00000| Untracked 
| 109|0x0000000706d00000, 0x0000000706d00000, 0x0000000706e00000|  0%| F|  |TAMS 0x0000000706d00000, 0x0000000706d00000| Untracked 
| 110|0x0000000706e00000, 0x0000000706e00000, 0x0000000706f00000|  0%| F|  |TAMS 0x0000000706e00000, 0x0000000706e00000| Untracked 
| 111|0x0000000706f00000, 0x0000000706f00000, 0x0000000707000000|  0%| F|  |TAMS 0x0000000706f00000, 0x0000000706f00000| Untracked 
| 112|0x0000000707000000, 0x0000000707000000, 0x0000000707100000|  0%| F|  |TAMS 0x0000000707000000, 0x0000000707000000| Untracked 
| 113|0x0000000707100000, 0x0000000707100000, 0x0000000707200000|  0%| F|  |TAMS 0x0000000707100000, 0x0000000707100000| Untracked 
| 114|0x0000000707200000, 0x0000000707200000, 0x0000000707300000|  0%| F|  |TAMS 0x0000000707200000, 0x0000000707200000| Untracked 
| 115|0x0000000707300000, 0x0000000707300000, 0x0000000707400000|  0%| F|  |TAMS 0x0000000707300000, 0x0000000707300000| Untracked 
| 116|0x0000000707400000, 0x0000000707400000, 0x0000000707500000|  0%| F|  |TAMS 0x0000000707400000, 0x0000000707400000| Untracked 
| 117|0x0000000707500000, 0x0000000707500000, 0x0000000707600000|  0%| F|  |TAMS 0x0000000707500000, 0x0000000707500000| Untracked 
| 118|0x0000000707600000, 0x0000000707600000, 0x0000000707700000|  0%| F|  |TAMS 0x0000000707600000, 0x0000000707600000| Untracked 
| 119|0x0000000707700000, 0x0000000707700000, 0x0000000707800000|  0%| F|  |TAMS 0x0000000707700000, 0x0000000707700000| Untracked 
| 120|0x0000000707800000, 0x0000000707800000, 0x0000000707900000|  0%| F|  |TAMS 0x0000000707800000, 0x0000000707800000| Untracked 
| 121|0x0000000707900000, 0x0000000707900000, 0x0000000707a00000|  0%| F|  |TAMS 0x0000000707900000, 0x0000000707900000| Untracked 
| 122|0x0000000707a00000, 0x0000000707a00000, 0x0000000707b00000|  0%| F|  |TAMS 0x0000000707a00000, 0x0000000707a00000| Untracked 
| 123|0x0000000707b00000, 0x0000000707b00000, 0x0000000707c00000|  0%| F|  |TAMS 0x0000000707b00000, 0x0000000707b00000| Untracked 
| 124|0x0000000707c00000, 0x0000000707c00000, 0x0000000707d00000|  0%| F|  |TAMS 0x0000000707c00000, 0x0000000707c00000| Untracked 
| 125|0x0000000707d00000, 0x0000000707d00000, 0x0000000707e00000|  0%| F|  |TAMS 0x0000000707d00000, 0x0000000707d00000| Untracked 
| 126|0x0000000707e00000, 0x0000000707e00000, 0x0000000707f00000|  0%| F|  |TAMS 0x0000000707e00000, 0x0000000707e00000| Untracked 
| 127|0x0000000707f00000, 0x0000000707f00000, 0x0000000708000000|  0%| F|  |TAMS 0x0000000707f00000, 0x0000000707f00000| Untracked 
| 128|0x0000000708000000, 0x0000000708000000, 0x0000000708100000|  0%| F|  |TAMS 0x0000000708000000, 0x0000000708000000| Untracked 
| 129|0x0000000708100000, 0x0000000708100000, 0x0000000708200000|  0%| F|  |TAMS 0x0000000708100000, 0x0000000708100000| Untracked 
| 130|0x0000000708200000, 0x0000000708200000, 0x0000000708300000|  0%| F|  |TAMS 0x0000000708200000, 0x0000000708200000| Untracked 
| 131|0x0000000708300000, 0x0000000708300000, 0x0000000708400000|  0%| F|  |TAMS 0x0000000708300000, 0x0000000708300000| Untracked 
| 132|0x0000000708400000, 0x0000000708400000, 0x0000000708500000|  0%| F|  |TAMS 0x0000000708400000, 0x0000000708400000| Untracked 
| 133|0x0000000708500000, 0x0000000708500000, 0x0000000708600000|  0%| F|  |TAMS 0x0000000708500000, 0x0000000708500000| Untracked 
| 134|0x0000000708600000, 0x0000000708600000, 0x0000000708700000|  0%| F|  |TAMS 0x0000000708600000, 0x0000000708600000| Untracked 
| 135|0x0000000708700000, 0x0000000708700000, 0x0000000708800000|  0%| F|  |TAMS 0x0000000708700000, 0x0000000708700000| Untracked 
| 136|0x0000000708800000, 0x0000000708800000, 0x0000000708900000|  0%| F|  |TAMS 0x0000000708800000, 0x0000000708800000| Untracked 
| 137|0x0000000708900000, 0x0000000708900000, 0x0000000708a00000|  0%| F|  |TAMS 0x0000000708900000, 0x0000000708900000| Untracked 
| 138|0x0000000708a00000, 0x0000000708a00000, 0x0000000708b00000|  0%| F|  |TAMS 0x0000000708a00000, 0x0000000708a00000| Untracked 
| 139|0x0000000708b00000, 0x0000000708b00000, 0x0000000708c00000|  0%| F|  |TAMS 0x0000000708b00000, 0x0000000708b00000| Untracked 
| 140|0x0000000708c00000, 0x0000000708c00000, 0x0000000708d00000|  0%| F|  |TAMS 0x0000000708c00000, 0x0000000708c00000| Untracked 
| 141|0x0000000708d00000, 0x0000000708d00000, 0x0000000708e00000|  0%| F|  |TAMS 0x0000000708d00000, 0x0000000708d00000| Untracked 
| 142|0x0000000708e00000, 0x0000000708e00000, 0x0000000708f00000|  0%| F|  |TAMS 0x0000000708e00000, 0x0000000708e00000| Untracked 
| 143|0x0000000708f00000, 0x0000000708f00000, 0x0000000709000000|  0%| F|  |TAMS 0x0000000708f00000, 0x0000000708f00000| Untracked 
| 144|0x0000000709000000, 0x0000000709000000, 0x0000000709100000|  0%| F|  |TAMS 0x0000000709000000, 0x0000000709000000| Untracked 
| 145|0x0000000709100000, 0x0000000709100000, 0x0000000709200000|  0%| F|  |TAMS 0x0000000709100000, 0x0000000709100000| Untracked 
| 146|0x0000000709200000, 0x0000000709200000, 0x0000000709300000|  0%| F|  |TAMS 0x0000000709200000, 0x0000000709200000| Untracked 
| 147|0x0000000709300000, 0x0000000709300000, 0x0000000709400000|  0%| F|  |TAMS 0x0000000709300000, 0x0000000709300000| Untracked 
| 148|0x0000000709400000, 0x0000000709400000, 0x0000000709500000|  0%| F|  |TAMS 0x0000000709400000, 0x0000000709400000| Untracked 
| 149|0x0000000709500000, 0x0000000709500000, 0x0000000709600000|  0%| F|  |TAMS 0x0000000709500000, 0x0000000709500000| Untracked 
| 150|0x0000000709600000, 0x0000000709600000, 0x0000000709700000|  0%| F|  |TAMS 0x0000000709600000, 0x0000000709600000| Untracked 
| 151|0x0000000709700000, 0x0000000709700000, 0x0000000709800000|  0%| F|  |TAMS 0x0000000709700000, 0x0000000709700000| Untracked 
| 152|0x0000000709800000, 0x0000000709800000, 0x0000000709900000|  0%| F|  |TAMS 0x0000000709800000, 0x0000000709800000| Untracked 
| 153|0x0000000709900000, 0x0000000709900000, 0x0000000709a00000|  0%| F|  |TAMS 0x0000000709900000, 0x0000000709900000| Untracked 
| 154|0x0000000709a00000, 0x0000000709a00000, 0x0000000709b00000|  0%| F|  |TAMS 0x0000000709a00000, 0x0000000709a00000| Untracked 
| 155|0x0000000709b00000, 0x0000000709b00000, 0x0000000709c00000|  0%| F|  |TAMS 0x0000000709b00000, 0x0000000709b00000| Untracked 
| 156|0x0000000709c00000, 0x0000000709c00000, 0x0000000709d00000|  0%| F|  |TAMS 0x0000000709c00000, 0x0000000709c00000| Untracked 
| 157|0x0000000709d00000, 0x0000000709d00000, 0x0000000709e00000|  0%| F|  |TAMS 0x0000000709d00000, 0x0000000709d00000| Untracked 
| 158|0x0000000709e00000, 0x0000000709e00000, 0x0000000709f00000|  0%| F|  |TAMS 0x0000000709e00000, 0x0000000709e00000| Untracked 
| 159|0x0000000709f00000, 0x0000000709f00000, 0x000000070a000000|  0%| F|  |TAMS 0x0000000709f00000, 0x0000000709f00000| Untracked 
| 160|0x000000070a000000, 0x000000070a000000, 0x000000070a100000|  0%| F|  |TAMS 0x000000070a000000, 0x000000070a000000| Untracked 
| 161|0x000000070a100000, 0x000000070a100000, 0x000000070a200000|  0%| F|  |TAMS 0x000000070a100000, 0x000000070a100000| Untracked 
| 162|0x000000070a200000, 0x000000070a200000, 0x000000070a300000|  0%| F|  |TAMS 0x000000070a200000, 0x000000070a200000| Untracked 
| 163|0x000000070a300000, 0x000000070a300000, 0x000000070a400000|  0%| F|  |TAMS 0x000000070a300000, 0x000000070a300000| Untracked 
| 164|0x000000070a400000, 0x000000070a400000, 0x000000070a500000|  0%| F|  |TAMS 0x000000070a400000, 0x000000070a400000| Untracked 
| 165|0x000000070a500000, 0x000000070a500000, 0x000000070a600000|  0%| F|  |TAMS 0x000000070a500000, 0x000000070a500000| Untracked 
| 166|0x000000070a600000, 0x000000070a600000, 0x000000070a700000|  0%| F|  |TAMS 0x000000070a600000, 0x000000070a600000| Untracked 
| 167|0x000000070a700000, 0x000000070a700000, 0x000000070a800000|  0%| F|  |TAMS 0x000000070a700000, 0x000000070a700000| Untracked 
| 168|0x000000070a800000, 0x000000070a800000, 0x000000070a900000|  0%| F|  |TAMS 0x000000070a800000, 0x000000070a800000| Untracked 
| 169|0x000000070a900000, 0x000000070a900000, 0x000000070aa00000|  0%| F|  |TAMS 0x000000070a900000, 0x000000070a900000| Untracked 
| 170|0x000000070aa00000, 0x000000070aa00000, 0x000000070ab00000|  0%| F|  |TAMS 0x000000070aa00000, 0x000000070aa00000| Untracked 
| 171|0x000000070ab00000, 0x000000070ab00000, 0x000000070ac00000|  0%| F|  |TAMS 0x000000070ab00000, 0x000000070ab00000| Untracked 
| 172|0x000000070ac00000, 0x000000070ac00000, 0x000000070ad00000|  0%| F|  |TAMS 0x000000070ac00000, 0x000000070ac00000| Untracked 
| 173|0x000000070ad00000, 0x000000070ad00000, 0x000000070ae00000|  0%| F|  |TAMS 0x000000070ad00000, 0x000000070ad00000| Untracked 
| 174|0x000000070ae00000, 0x000000070ae00000, 0x000000070af00000|  0%| F|  |TAMS 0x000000070ae00000, 0x000000070ae00000| Untracked 
| 175|0x000000070af00000, 0x000000070af00000, 0x000000070b000000|  0%| F|  |TAMS 0x000000070af00000, 0x000000070af00000| Untracked 
| 176|0x000000070b000000, 0x000000070b000000, 0x000000070b100000|  0%| F|  |TAMS 0x000000070b000000, 0x000000070b000000| Untracked 
| 177|0x000000070b100000, 0x000000070b100000, 0x000000070b200000|  0%| F|  |TAMS 0x000000070b100000, 0x000000070b100000| Untracked 
| 178|0x000000070b200000, 0x000000070b200000, 0x000000070b300000|  0%| F|  |TAMS 0x000000070b200000, 0x000000070b200000| Untracked 
| 179|0x000000070b300000, 0x000000070b300000, 0x000000070b400000|  0%| F|  |TAMS 0x000000070b300000, 0x000000070b300000| Untracked 
| 180|0x000000070b400000, 0x000000070b400000, 0x000000070b500000|  0%| F|  |TAMS 0x000000070b400000, 0x000000070b400000| Untracked 
| 181|0x000000070b500000, 0x000000070b500000, 0x000000070b600000|  0%| F|  |TAMS 0x000000070b500000, 0x000000070b500000| Untracked 
| 182|0x000000070b600000, 0x000000070b600000, 0x000000070b700000|  0%| F|  |TAMS 0x000000070b600000, 0x000000070b600000| Untracked 
| 183|0x000000070b700000, 0x000000070b700000, 0x000000070b800000|  0%| F|  |TAMS 0x000000070b700000, 0x000000070b700000| Untracked 
| 184|0x000000070b800000, 0x000000070b800000, 0x000000070b900000|  0%| F|  |TAMS 0x000000070b800000, 0x000000070b800000| Untracked 
| 185|0x000000070b900000, 0x000000070b900000, 0x000000070ba00000|  0%| F|  |TAMS 0x000000070b900000, 0x000000070b900000| Untracked 
| 186|0x000000070ba00000, 0x000000070ba00000, 0x000000070bb00000|  0%| F|  |TAMS 0x000000070ba00000, 0x000000070ba00000| Untracked 
| 187|0x000000070bb00000, 0x000000070bb00000, 0x000000070bc00000|  0%| F|  |TAMS 0x000000070bb00000, 0x000000070bb00000| Untracked 
| 188|0x000000070bc00000, 0x000000070bc00000, 0x000000070bd00000|  0%| F|  |TAMS 0x000000070bc00000, 0x000000070bc00000| Untracked 
| 189|0x000000070bd00000, 0x000000070bd00000, 0x000000070be00000|  0%| F|  |TAMS 0x000000070bd00000, 0x000000070bd00000| Untracked 
| 190|0x000000070be00000, 0x000000070be00000, 0x000000070bf00000|  0%| F|  |TAMS 0x000000070be00000, 0x000000070be00000| Untracked 
| 191|0x000000070bf00000, 0x000000070bf00000, 0x000000070c000000|  0%| F|  |TAMS 0x000000070bf00000, 0x000000070bf00000| Untracked 
| 192|0x000000070c000000, 0x000000070c000000, 0x000000070c100000|  0%| F|  |TAMS 0x000000070c000000, 0x000000070c000000| Untracked 
| 193|0x000000070c100000, 0x000000070c100000, 0x000000070c200000|  0%| F|  |TAMS 0x000000070c100000, 0x000000070c100000| Untracked 
| 194|0x000000070c200000, 0x000000070c200000, 0x000000070c300000|  0%| F|  |TAMS 0x000000070c200000, 0x000000070c200000| Untracked 
| 195|0x000000070c300000, 0x000000070c300000, 0x000000070c400000|  0%| F|  |TAMS 0x000000070c300000, 0x000000070c300000| Untracked 
| 196|0x000000070c400000, 0x000000070c400000, 0x000000070c500000|  0%| F|  |TAMS 0x000000070c400000, 0x000000070c400000| Untracked 
| 197|0x000000070c500000, 0x000000070c500000, 0x000000070c600000|  0%| F|  |TAMS 0x000000070c500000, 0x000000070c500000| Untracked 
| 198|0x000000070c600000, 0x000000070c600000, 0x000000070c700000|  0%| F|  |TAMS 0x000000070c600000, 0x000000070c600000| Untracked 
| 199|0x000000070c700000, 0x000000070c700000, 0x000000070c800000|  0%| F|  |TAMS 0x000000070c700000, 0x000000070c700000| Untracked 
| 200|0x000000070c800000, 0x000000070c800000, 0x000000070c900000|  0%| F|  |TAMS 0x000000070c800000, 0x000000070c800000| Untracked 
| 201|0x000000070c900000, 0x000000070c900000, 0x000000070ca00000|  0%| F|  |TAMS 0x000000070c900000, 0x000000070c900000| Untracked 
| 202|0x000000070ca00000, 0x000000070ca00000, 0x000000070cb00000|  0%| F|  |TAMS 0x000000070ca00000, 0x000000070ca00000| Untracked 
| 203|0x000000070cb00000, 0x000000070cb00000, 0x000000070cc00000|  0%| F|  |TAMS 0x000000070cb00000, 0x000000070cb00000| Untracked 
| 204|0x000000070cc00000, 0x000000070cc00000, 0x000000070cd00000|  0%| F|  |TAMS 0x000000070cc00000, 0x000000070cc00000| Untracked 
| 205|0x000000070cd00000, 0x000000070cd00000, 0x000000070ce00000|  0%| F|  |TAMS 0x000000070cd00000, 0x000000070cd00000| Untracked 
| 206|0x000000070ce00000, 0x000000070ce00000, 0x000000070cf00000|  0%| F|  |TAMS 0x000000070ce00000, 0x000000070ce00000| Untracked 
| 207|0x000000070cf00000, 0x000000070cf82778, 0x000000070d000000| 50%| E|  |TAMS 0x000000070cf00000, 0x000000070cf00000| Complete 
| 208|0x000000070d000000, 0x000000070d100000, 0x000000070d100000|100%| E|CS|TAMS 0x000000070d000000, 0x000000070d000000| Complete 
| 209|0x000000070d100000, 0x000000070d200000, 0x000000070d200000|100%| E|CS|TAMS 0x000000070d100000, 0x000000070d100000| Complete 
| 210|0x000000070d200000, 0x000000070d300000, 0x000000070d300000|100%| E|CS|TAMS 0x000000070d200000, 0x000000070d200000| Complete 
| 211|0x000000070d300000, 0x000000070d400000, 0x000000070d400000|100%| E|CS|TAMS 0x000000070d300000, 0x000000070d300000| Complete 
| 212|0x000000070d400000, 0x000000070d500000, 0x000000070d500000|100%| E|CS|TAMS 0x000000070d400000, 0x000000070d400000| Complete 
| 213|0x000000070d500000, 0x000000070d600000, 0x000000070d600000|100%| E|CS|TAMS 0x000000070d500000, 0x000000070d500000| Complete 
| 214|0x000000070d600000, 0x000000070d700000, 0x000000070d700000|100%| E|CS|TAMS 0x000000070d600000, 0x000000070d600000| Complete 
| 215|0x000000070d700000, 0x000000070d800000, 0x000000070d800000|100%| E|CS|TAMS 0x000000070d700000, 0x000000070d700000| Complete 
| 216|0x000000070d800000, 0x000000070d900000, 0x000000070d900000|100%| E|CS|TAMS 0x000000070d800000, 0x000000070d800000| Complete 
| 217|0x000000070d900000, 0x000000070da00000, 0x000000070da00000|100%| E|CS|TAMS 0x000000070d900000, 0x000000070d900000| Complete 
| 218|0x000000070da00000, 0x000000070db00000, 0x000000070db00000|100%| E|CS|TAMS 0x000000070da00000, 0x000000070da00000| Complete 
| 219|0x000000070db00000, 0x000000070dc00000, 0x000000070dc00000|100%| E|CS|TAMS 0x000000070db00000, 0x000000070db00000| Complete 
| 220|0x000000070dc00000, 0x000000070dd00000, 0x000000070dd00000|100%| E|CS|TAMS 0x000000070dc00000, 0x000000070dc00000| Complete 
| 221|0x000000070dd00000, 0x000000070de00000, 0x000000070de00000|100%| E|CS|TAMS 0x000000070dd00000, 0x000000070dd00000| Complete 
| 222|0x000000070de00000, 0x000000070df00000, 0x000000070df00000|100%| E|CS|TAMS 0x000000070de00000, 0x000000070de00000| Complete 
| 223|0x000000070df00000, 0x000000070e000000, 0x000000070e000000|100%| E|CS|TAMS 0x000000070df00000, 0x000000070df00000| Complete 
| 224|0x000000070e000000, 0x000000070e100000, 0x000000070e100000|100%| E|CS|TAMS 0x000000070e000000, 0x000000070e000000| Complete 
| 225|0x000000070e100000, 0x000000070e200000, 0x000000070e200000|100%| E|CS|TAMS 0x000000070e100000, 0x000000070e100000| Complete 
| 226|0x000000070e200000, 0x000000070e300000, 0x000000070e300000|100%| E|CS|TAMS 0x000000070e200000, 0x000000070e200000| Complete 
| 227|0x000000070e300000, 0x000000070e400000, 0x000000070e400000|100%| E|CS|TAMS 0x000000070e300000, 0x000000070e300000| Complete 
| 228|0x000000070e400000, 0x000000070e500000, 0x000000070e500000|100%| E|CS|TAMS 0x000000070e400000, 0x000000070e400000| Complete 
| 229|0x000000070e500000, 0x000000070e600000, 0x000000070e600000|100%| E|CS|TAMS 0x000000070e500000, 0x000000070e500000| Complete 
| 230|0x000000070e600000, 0x000000070e700000, 0x000000070e700000|100%| E|CS|TAMS 0x000000070e600000, 0x000000070e600000| Complete 
| 231|0x000000070e700000, 0x000000070e800000, 0x000000070e800000|100%| E|CS|TAMS 0x000000070e700000, 0x000000070e700000| Complete 
| 232|0x000000070e800000, 0x000000070e900000, 0x000000070e900000|100%| E|CS|TAMS 0x000000070e800000, 0x000000070e800000| Complete 
| 233|0x000000070e900000, 0x000000070ea00000, 0x000000070ea00000|100%| E|CS|TAMS 0x000000070e900000, 0x000000070e900000| Complete 
| 234|0x000000070ea00000, 0x000000070eb00000, 0x000000070eb00000|100%| E|CS|TAMS 0x000000070ea00000, 0x000000070ea00000| Complete 
| 235|0x000000070eb00000, 0x000000070ec00000, 0x000000070ec00000|100%| E|CS|TAMS 0x000000070eb00000, 0x000000070eb00000| Complete 
| 236|0x000000070ec00000, 0x000000070ed00000, 0x000000070ed00000|100%| E|CS|TAMS 0x000000070ec00000, 0x000000070ec00000| Complete 
| 237|0x000000070ed00000, 0x000000070ee00000, 0x000000070ee00000|100%| E|CS|TAMS 0x000000070ed00000, 0x000000070ed00000| Complete 
| 238|0x000000070ee00000, 0x000000070ef00000, 0x000000070ef00000|100%| E|CS|TAMS 0x000000070ee00000, 0x000000070ee00000| Complete 
| 239|0x000000070ef00000, 0x000000070f000000, 0x000000070f000000|100%| E|CS|TAMS 0x000000070ef00000, 0x000000070ef00000| Complete 
| 240|0x000000070f000000, 0x000000070f100000, 0x000000070f100000|100%| S|CS|TAMS 0x000000070f000000, 0x000000070f000000| Complete 
| 241|0x000000070f100000, 0x000000070f200000, 0x000000070f200000|100%| S|CS|TAMS 0x000000070f100000, 0x000000070f100000| Complete 
| 242|0x000000070f200000, 0x000000070f300000, 0x000000070f300000|100%| E|CS|TAMS 0x000000070f200000, 0x000000070f200000| Complete 
| 243|0x000000070f300000, 0x000000070f400000, 0x000000070f400000|100%| E|CS|TAMS 0x000000070f300000, 0x000000070f300000| Complete 
| 244|0x000000070f400000, 0x000000070f500000, 0x000000070f500000|100%| E|CS|TAMS 0x000000070f400000, 0x000000070f400000| Complete 
| 245|0x000000070f500000, 0x000000070f600000, 0x000000070f600000|100%| E|CS|TAMS 0x000000070f500000, 0x000000070f500000| Complete 
| 246|0x000000070f600000, 0x000000070f700000, 0x000000070f700000|100%| E|CS|TAMS 0x000000070f600000, 0x000000070f600000| Complete 
| 247|0x000000070f700000, 0x000000070f800000, 0x000000070f800000|100%| E|CS|TAMS 0x000000070f700000, 0x000000070f700000| Complete 
| 248|0x000000070f800000, 0x000000070f900000, 0x000000070f900000|100%| E|CS|TAMS 0x000000070f800000, 0x000000070f800000| Complete 
| 249|0x000000070f900000, 0x000000070fa00000, 0x000000070fa00000|100%| E|CS|TAMS 0x000000070f900000, 0x000000070f900000| Complete 
| 250|0x000000070fa00000, 0x000000070fb00000, 0x000000070fb00000|100%| E|CS|TAMS 0x000000070fa00000, 0x000000070fa00000| Complete 
| 251|0x000000070fb00000, 0x000000070fc00000, 0x000000070fc00000|100%| E|CS|TAMS 0x000000070fb00000, 0x000000070fb00000| Complete 
| 252|0x000000070fc00000, 0x000000070fd00000, 0x000000070fd00000|100%| E|CS|TAMS 0x000000070fc00000, 0x000000070fc00000| Complete 
| 253|0x000000070fd00000, 0x000000070fe00000, 0x000000070fe00000|100%| E|CS|TAMS 0x000000070fd00000, 0x000000070fd00000| Complete 
| 254|0x000000070fe00000, 0x000000070ff00000, 0x000000070ff00000|100%| E|CS|TAMS 0x000000070fe00000, 0x000000070fe00000| Complete 
| 255|0x000000070ff00000, 0x0000000710000000, 0x0000000710000000|100%| E|CS|TAMS 0x000000070ff00000, 0x000000070ff00000| Complete 

Card table byte_map: [0x0000015ca4520000,0x0000015ca4d20000] _byte_map_base: 0x0000015ca0d20000

Marking Bits (Prev, Next): (CMBitMap*) 0x0000015c8c8df868, (CMBitMap*) 0x0000015c8c8df8a0
 Prev Bits: [0x0000015ca5520000, 0x0000015ca9520000)
 Next Bits: [0x0000015ca9520000, 0x0000015cad520000)

Polling page: 0x0000015c8a830000

Metaspace:

Usage:
  Non-class:     17.78 MB capacity,    17.33 MB ( 97%) used,   382.86 KB (  2%) free+waste,    74.56 KB ( <1%) overhead. 
      Class:      2.55 MB capacity,     2.28 MB ( 90%) used,   233.29 KB (  9%) free+waste,    37.75 KB (  1%) overhead. 
       Both:     20.33 MB capacity,    19.61 MB ( 97%) used,   616.15 KB (  3%) free+waste,   112.31 KB ( <1%) overhead. 

Virtual space:
  Non-class space:       18.00 MB reserved,      18.00 MB (100%) committed 
      Class space:        1.00 GB reserved,       2.63 MB ( <1%) committed 
             Both:        1.02 GB reserved,      20.63 MB (  2%) committed 

Chunk freelists:
   Non-Class:  4.25 KB
       Class:  2.00 KB
        Both:  6.25 KB

CodeHeap 'non-profiled nmethods': size=238912Kb used=2944Kb max_used=2944Kb free=235968Kb
 bounds [0x0000015c953d0000, 0x0000015c956b0000, 0x0000015ca3d20000]
CodeHeap 'non-nmethods': size=6848Kb used=1236Kb max_used=1236Kb free=5611Kb
 bounds [0x0000015c94d20000, 0x0000015c94f90000, 0x0000015c953d0000]
 total_blobs=2411 nmethods=1959 adapters=385
 compilation: enabled
              stopped_count=0, restarted_count=0
 full_count=0

Compilation events (10 events):
Event: 1.769 Thread 0x0000015cb032b000 1955       1       org.springframework.core.ResolvableType::forClass (9 bytes)
Event: 1.769 Thread 0x0000015cb032b000 nmethod 1955 0x0000015c956ad510 code [0x0000015c956ad6c0, 0x0000015c956ad7e8]
Event: 1.769 Thread 0x0000015cb032b000 1932       1       java.util.ArrayDeque::<init> (35 bytes)
Event: 1.769 Thread 0x0000015cb032b000 nmethod 1932 0x0000015c956ad890 code [0x0000015c956ada20, 0x0000015c956adbf8]
Event: 1.769 Thread 0x0000015cb032b000 1928       1       java.util.stream.ReferencePipeline$StatelessOp::<init> (29 bytes)
Event: 1.769 Thread 0x0000015cb032b000 nmethod 1928 0x0000015c956adc90 code [0x0000015c956ade40, 0x0000015c956adf28]
Event: 1.769 Thread 0x0000015cb032b000 1929       1       java.util.stream.Sink$ChainedReference::end (10 bytes)
Event: 1.769 Thread 0x0000015cb032b000 nmethod 1929 0x0000015c956ae010 code [0x0000015c956ae1c0, 0x0000015c956ae2a8]
Event: 1.769 Thread 0x0000015cb032b000 1956       1       java.security.PermissionCollection::isReadOnly (5 bytes)
Event: 1.769 Thread 0x0000015cb032b000 nmethod 1956 0x0000015c956ae310 code [0x0000015c956ae4a0, 0x0000015c956ae558]

GC Heap History (2 events):
Event: 0.793 GC heap before
{Heap before GC invocations=0 (full 0):
 garbage-first heap   total 262144K, used 14336K [0x0000000700000000, 0x0000000800000000)
  region size 1024K, 14 young (14336K), 0 survivors (0K)
 Metaspace       used 8474K, capacity 8647K, committed 8832K, reserved 1056768K
  class space    used 813K, capacity 846K, committed 896K, reserved 1048576K
}
Event: 0.797 GC heap after
{Heap after GC invocations=1 (full 0):
 garbage-first heap   total 262144K, used 4574K [0x0000000700000000, 0x0000000800000000)
  region size 1024K, 2 young (2048K), 2 survivors (2048K)
 Metaspace       used 8474K, capacity 8647K, committed 8832K, reserved 1056768K
  class space    used 813K, capacity 846K, committed 896K, reserved 1048576K
}

Deoptimization events (0 events):
No events

Classes redefined (0 events):
No events

Internal exceptions (10 events):
Event: 1.646 Thread 0x0000015cb19ce000 Exception <a 'java/lang/NoSuchMethodError'{0x000000070d983ab0}: static [B.<clinit>()V> (0x000000070d983ab0) thrown at [./open/src/hotspot/share/prims/jni.cpp, line 1362]
Event: 1.656 Thread 0x0000015cb19ce000 Exception <a 'java/lang/ClassNotFoundException'{0x000000070d9e6078}: javax/management/remote/rmi/RMIConnectionImpl_Skel> (0x000000070d9e6078) thrown at [./open/src/hotspot/share/classfile/systemDictionary.cpp, line 228]
Event: 1.662 Thread 0x0000015cb1a5d000 Exception <a 'java/lang/NoSuchMethodError'{0x000000070d741f48}: java.lang.invoke.Invokers$Holder.linkToTargetMethod(Ljava/lang/Object;JLjava/lang/Object;)Ljava/lang/Object;> (0x000000070d741f48) thrown at [./open/src/hotspot/share/interpreter/linkResolver
Event: 1.666 Thread 0x0000015cb19ce000 Exception <a 'java/lang/reflect/InvocationTargetException'{0x000000070d7a25b8}> (0x000000070d7a25b8) thrown at [./open/src/hotspot/share/runtime/reflection.cpp, line 1242]
Event: 1.671 Thread 0x0000015cb19ce000 Exception <a 'java/lang/NoSuchMethodError'{0x000000070d7cc100}: static [Ljava/lang/StackTraceElement;.<clinit>()V> (0x000000070d7cc100) thrown at [./open/src/hotspot/share/prims/jni.cpp, line 1362]
Event: 1.717 Thread 0x0000015c8c87e800 Exception <a 'java/lang/NoSuchMethodError'{0x000000070d5f21d8}: java.lang.invoke.DirectMethodHandle$Holder.invokeStatic(Ljava/lang/Object;Ljava/lang/Object;I)V> (0x000000070d5f21d8) thrown at [./open/src/hotspot/share/interpreter/linkResolver.cpp, line 77
Event: 1.719 Thread 0x0000015c8c87e800 Exception <a 'java/lang/NoSuchMethodError'{0x000000070d5fb4a8}: java.lang.invoke.DirectMethodHandle$Holder.invokeStaticInit(Ljava/lang/Object;Ljava/lang/Object;)V> (0x000000070d5fb4a8) thrown at [./open/src/hotspot/share/interpreter/linkResolver.cpp, line
Event: 1.721 Thread 0x0000015c8c87e800 Exception <a 'java/lang/NoSuchMethodError'{0x000000070d416658}: java.lang.invoke.DirectMethodHandle$Holder.invokeStaticInit(Ljava/lang/Object;Ljava/lang/Object;Ljava/lang/Object;)V> (0x000000070d416658) thrown at [./open/src/hotspot/share/interpreter/link
Event: 1.734 Thread 0x0000015c8c87e800 Exception <a 'java/lang/NoSuchMethodError'{0x000000070d4dfe10}: java.lang.invoke.DirectMethodHandle$Holder.invokeVirtual(Ljava/lang/Object;Ljava/lang/Object;Ljava/lang/Object;Ljava/lang/Object;)V> (0x000000070d4dfe10) thrown at [./open/src/hotspot/share/i
Event: 1.762 Thread 0x0000015c8c87e800 Exception <a 'java/lang/NoSuchMethodError'{0x000000070d259c40}: java.lang.invoke.DirectMethodHandle$Holder.invokeSpecial(Ljava/lang/Object;Ljava/lang/Object;Ljava/lang/Object;Ljava/lang/Object;Ljava/lang/Object;)V> (0x000000070d259c40) thrown at [./open/s

Events (10 events):
Event: 1.768 Thread 0x0000015c8c87e800 DEOPT PACKING pc=0x0000015c9552849c sp=0x0000003fe97ff290
Event: 1.768 Thread 0x0000015c8c87e800 DEOPT UNPACKING pc=0x0000015c94d5c98e sp=0x0000003fe97fe758 mode 1
Event: 1.768 loading class org/springframework/core/io/DefaultResourceLoader$ClassPathContextResource
Event: 1.768 loading class org/springframework/core/io/DefaultResourceLoader$ClassPathContextResource done
Event: 1.768 loading class org/springframework/core/io/ContextResource
Event: 1.768 loading class org/springframework/core/io/ContextResource done
Event: 1.769 loading class org/springframework/boot/autoconfigure/BackgroundPreinitializer$ValidationInitializer
Event: 1.769 loading class org/springframework/boot/autoconfigure/BackgroundPreinitializer$ValidationInitializer done
Event: 1.769 loading class javax/validation/Validation
Event: 1.769 loading class javax/validation/Validation done


Dynamic libraries:
0x00007ff70d390000 - 0x00007ff70d39f000 	C:\Program Files\Java\jdk-11.0.11\bin\java.exe
0x00007ffdb0390000 - 0x00007ffdb0585000 	C:\Windows\SYSTEM32\ntdll.dll
0x00007ffdae700000 - 0x00007ffdae7be000 	C:\Windows\System32\KERNEL32.DLL
0x00007ffdadda0000 - 0x00007ffdae069000 	C:\Windows\System32\KERNELBASE.dll
0x00007ffdab330000 - 0x00007ffdab3c0000 	C:\Windows\SYSTEM32\apphelp.dll
0x00007ffdae0d0000 - 0x00007ffdae1d0000 	C:\Windows\System32\ucrtbase.dll
0x00007ffd96650000 - 0x00007ffd96665000 	C:\Program Files\Java\jdk-11.0.11\bin\VCRUNTIME140.dll
0x00007ffda9500000 - 0x00007ffda9518000 	C:\Program Files\Java\jdk-11.0.11\bin\jli.dll
0x00007ffdaefa0000 - 0x00007ffdaf04c000 	C:\Windows\System32\ADVAPI32.dll
0x00007ffdb0100000 - 0x00007ffdb019e000 	C:\Windows\System32\msvcrt.dll
0x00007ffdaef00000 - 0x00007ffdaef9b000 	C:\Windows\System32\sechost.dll
0x00007ffdae4b0000 - 0x00007ffdae5da000 	C:\Windows\System32\RPCRT4.dll
0x00007ffdaf3c0000 - 0x00007ffdaf561000 	C:\Windows\System32\USER32.dll
0x00007ffdae070000 - 0x00007ffdae092000 	C:\Windows\System32\win32u.dll
0x00007ffdafd10000 - 0x00007ffdafd3b000 	C:\Windows\System32\GDI32.dll
0x00007ffdadab0000 - 0x00007ffdadbbb000 	C:\Windows\System32\gdi32full.dll
0x00007ffdadc10000 - 0x00007ffdadcad000 	C:\Windows\System32\msvcp_win.dll
0x00007ffd8e270000 - 0x00007ffd8e50a000 	C:\Windows\WinSxS\amd64_microsoft.windows.common-controls_6595b64144ccf1df_6.0.19041.1110_none_60b5254171f9507e\COMCTL32.dll
0x00007ffda5920000 - 0x00007ffda592a000 	C:\Windows\SYSTEM32\VERSION.dll
0x00007ffdae5e0000 - 0x00007ffdae610000 	C:\Windows\System32\IMM32.DLL
0x00007ffd95ff0000 - 0x00007ffd9608b000 	C:\Program Files\Java\jdk-11.0.11\bin\msvcp140.dll
0x00007ffd954f0000 - 0x00007ffd95fee000 	C:\Program Files\Java\jdk-11.0.11\bin\server\jvm.dll
0x00007ffdaed90000 - 0x00007ffdaed98000 	C:\Windows\System32\PSAPI.DLL
0x00007ffd9aac0000 - 0x00007ffd9aac9000 	C:\Windows\SYSTEM32\WSOCK32.dll
0x00007ffdaed20000 - 0x00007ffdaed8b000 	C:\Windows\System32\WS2_32.dll
0x00007ffd8d410000 - 0x00007ffd8d437000 	C:\Windows\SYSTEM32\WINMM.dll
0x00007ffdab9d0000 - 0x00007ffdab9e2000 	C:\Windows\SYSTEM32\kernel.appcore.dll
0x00007ffda9630000 - 0x00007ffda9640000 	C:\Program Files\Java\jdk-11.0.11\bin\verify.dll
0x00007ffda28d0000 - 0x00007ffda2ab4000 	C:\Windows\SYSTEM32\DBGHELP.DLL
0x00007ffda3310000 - 0x00007ffda333c000 	C:\Windows\SYSTEM32\dbgcore.DLL
0x00007ffdadcb0000 - 0x00007ffdadd33000 	C:\Windows\System32\bcryptPrimitives.dll
0x00007ffd954c0000 - 0x00007ffd954e8000 	C:\Program Files\Java\jdk-11.0.11\bin\java.dll
0x00007ffda94f0000 - 0x00007ffda94fa000 	C:\Program Files\Java\jdk-11.0.11\bin\jimage.dll
0x00007ffd95340000 - 0x00007ffd95378000 	C:\Program Files\Java\jdk-11.0.11\bin\jdwp.dll
0x00007ffda64d0000 - 0x00007ffda64de000 	C:\Program Files\Java\jdk-11.0.11\bin\instrument.dll
0x00007ffd954a0000 - 0x00007ffd954b6000 	C:\Program Files\Java\jdk-11.0.11\bin\zip.dll
0x00007ffdaf5d0000 - 0x00007ffdafd0f000 	C:\Windows\System32\SHELL32.dll
0x00007ffdabbd0000 - 0x00007ffdac360000 	C:\Windows\SYSTEM32\windows.storage.dll
0x00007ffdaf060000 - 0x00007ffdaf3b5000 	C:\Windows\System32\combase.dll
0x00007ffdad430000 - 0x00007ffdad45c000 	C:\Windows\SYSTEM32\Wldp.dll
0x00007ffdaeda0000 - 0x00007ffdaee4e000 	C:\Windows\System32\SHCORE.dll
0x00007ffdae7c0000 - 0x00007ffdae815000 	C:\Windows\System32\shlwapi.dll
0x00007ffdad9f0000 - 0x00007ffdada0f000 	C:\Windows\SYSTEM32\profapi.dll
0x00007ffda3210000 - 0x00007ffda321a000 	C:\Program Files\Java\jdk-11.0.11\bin\dt_socket.dll
0x00007ffdad190000 - 0x00007ffdad1fa000 	C:\Windows\system32\mswsock.dll
0x00007ffd95480000 - 0x00007ffd95499000 	C:\Program Files\Java\jdk-11.0.11\bin\net.dll
0x00007ffda62a0000 - 0x00007ffda63a8000 	C:\Windows\SYSTEM32\WINHTTP.dll
0x00007ffd95460000 - 0x00007ffd95472000 	C:\Program Files\Java\jdk-11.0.11\bin\nio.dll
0x00007ffdacec0000 - 0x00007ffdacf8c000 	C:\Windows\SYSTEM32\DNSAPI.dll
0x00007ffdace80000 - 0x00007ffdacebb000 	C:\Windows\SYSTEM32\IPHLPAPI.DLL
0x00007ffdae3e0000 - 0x00007ffdae3e8000 	C:\Windows\System32\NSI.dll
0x00007ffda4d50000 - 0x00007ffda4d5a000 	C:\Windows\System32\rasadhlp.dll
0x00007ffda56b0000 - 0x00007ffda572f000 	C:\Windows\System32\fwpuclnt.dll
0x00007ffdae0a0000 - 0x00007ffdae0c7000 	C:\Windows\System32\bcrypt.dll
0x00007ffd9ab00000 - 0x00007ffd9ab09000 	C:\Program Files\Java\jdk-11.0.11\bin\management.dll
0x00007ffd98e80000 - 0x00007ffd98e8b000 	C:\Program Files\Java\jdk-11.0.11\bin\management_ext.dll
0x00007ffdad380000 - 0x00007ffdad398000 	C:\Windows\SYSTEM32\CRYPTSP.dll
0x00007ffdacb10000 - 0x00007ffdacb44000 	C:\Windows\system32\rsaenh.dll
0x00007ffdad970000 - 0x00007ffdad99e000 	C:\Windows\SYSTEM32\USERENV.dll
0x00007ffdad3a0000 - 0x00007ffdad3ac000 	C:\Windows\SYSTEM32\CRYPTBASE.dll
0x00007ffda63b0000 - 0x00007ffda63c7000 	C:\Windows\SYSTEM32\dhcpcsvc6.DLL
0x00007ffda6280000 - 0x00007ffda629d000 	C:\Windows\SYSTEM32\dhcpcsvc.DLL
0x00007ffda03e0000 - 0x00007ffda03f7000 	C:\Windows\system32\napinsp.dll
0x00007ffda03c0000 - 0x00007ffda03db000 	C:\Windows\system32\pnrpnsp.dll
0x00007ffda03a0000 - 0x00007ffda03b5000 	C:\Windows\system32\wshbth.dll
0x00007ffda94d0000 - 0x00007ffda94ed000 	C:\Windows\system32\NLAapi.dll
0x00007ffda0380000 - 0x00007ffda0392000 	C:\Windows\System32\winrnr.dll

dbghelp: loaded successfully - version: 4.0.5 - missing functions: none
symbol engine: initialized successfully - sym options: 0x614 - pdb path: .;C:\Program Files\Java\jdk-11.0.11\bin;C:\Windows\SYSTEM32;C:\Windows\WinSxS\amd64_microsoft.windows.common-controls_6595b64144ccf1df_6.0.19041.1110_none_60b5254171f9507e;C:\Program Files\Java\jdk-11.0.11\bin\server

VM Arguments:
jvm_args: -agentlib:jdwp=transport=dt_socket,address=127.0.0.1:58011,suspend=y,server=n -XX:TieredStopAtLevel=1 -Xverify:none -Dspring.output.ansi.enabled=always -javaagent:C:\Users\tauan\AppData\Local\JetBrains\IntelliJIdea2021.1\captureAgent\debugger-agent.jar -Dcom.sun.management.jmxremote -Dspring.jmx.enabled=true -Dspring.liveBeansView.mbeanDomain -Dspring.application.admin.enabled=true -Dfile.encoding=UTF-8 
java_command: br.edu.infnet.AT_Web.AtWebApplication
java_class_path (initial): C:\Users\tauan\Desktop\ATAWS\AT_Web\target\classes;C:\Users\tauan\.m2\repository\org\springframework\boot\spring-boot-starter-web\2.5.5\spring-boot-starter-web-2.5.5.jar;C:\Users\tauan\.m2\repository\org\springframework\boot\spring-boot-starter\2.5.5\spring-boot-starter-2.5.5.jar;C:\Users\tauan\.m2\repository\org\springframework\boot\spring-boot\2.5.5\spring-boot-2.5.5.jar;C:\Users\tauan\.m2\repository\org\springframework\boot\spring-boot-autoconfigure\2.5.5\spring-boot-autoconfigure-2.5.5.jar;C:\Users\tauan\.m2\repository\org\springframework\boot\spring-boot-starter-logging\2.5.5\spring-boot-starter-logging-2.5.5.jar;C:\Users\tauan\.m2\repository\ch\qos\logback\logback-classic\1.2.6\logback-classic-1.2.6.jar;C:\Users\tauan\.m2\repository\ch\qos\logback\logback-core\1.2.6\logback-core-1.2.6.jar;C:\Users\tauan\.m2\repository\org\apache\logging\log4j\log4j-to-slf4j\2.14.1\log4j-to-slf4j-2.14.1.jar;C:\Users\tauan\.m2\repository\org\apache\logging\log4j\log4j-api\2.14.1\log4j-api-2.14.1.jar;C:\Users\tauan\.m2\repository\org\slf4j\jul-to-slf4j\1.7.32\jul-to-slf4j-1.7.32.jar;C:\Users\tauan\.m2\repository\jakarta\annotation\jakarta.annotation-api\1.3.5\jakarta.annotation-api-1.3.5.jar;C:\Users\tauan\.m2\repository\org\yaml\snakeyaml\1.28\snakeyaml-1.28.jar;C:\Users\tauan\.m2\repository\org\springframework\boot\spring-boot-starter-json\2.5.5\spring-boot-starter-json-2.5.5.jar;C:\Users\tauan\.m2\repository\com\fasterxml\jackson\datatype\jackson-datatype-jdk8\2.12.5\jackson-datatype-jdk8-2.12.5.jar;C:\Users\tauan\.m2\repository\com\fasterxml\jackson\datatype\jackson-datatype-jsr310\2.12.5\jackson-datatype-jsr310-2.12.5.jar;C:\Users\tauan\.m2\repository\com\fasterxml\jackson\module\jackson-module-parameter-names\2.12.5\jackson-module-parameter-names-2.12.5.jar;C:\Users\tauan\.m2\repository\org\springframework\boot\spring-boot-starter-tomcat\2.5.5\spring-boot-starter-tomcat-2.5.5.jar;C:\Users\tauan\.m2\repository\org\apache\tomcat\embed\tomcat-embed
Launcher Type: SUN_STANDARD

[Global flags]
     bool BytecodeVerificationLocal                = false                                     {product} {command line}
     bool BytecodeVerificationRemote               = false                                     {product} {command line}
     intx CICompilerCount                          = 3                                         {product} {ergonomic}
     uint ConcGCThreads                            = 1                                         {product} {ergonomic}
     uint G1ConcRefinementThreads                  = 4                                         {product} {ergonomic}
   size_t G1HeapRegionSize                         = 1048576                                   {product} {ergonomic}
    uintx GCDrainStackTargetSize                   = 64                                        {product} {ergonomic}
   size_t InitialHeapSize                          = 268435456                                 {product} {ergonomic}
     bool ManagementServer                         = true                                      {product} {command line}
   size_t MarkStackSize                            = 4194304                                   {product} {ergonomic}
   size_t MaxHeapSize                              = 4294967296                                {product} {ergonomic}
   size_t MaxNewSize                               = 2576351232                                {product} {ergonomic}
   size_t MinHeapDeltaBytes                        = 1048576                                   {product} {ergonomic}
    uintx NonNMethodCodeHeapSize                   = 6973028                                {pd product} {ergonomic}
    uintx NonProfiledCodeHeapSize                  = 244685212                              {pd product} {ergonomic}
    uintx ProfiledCodeHeapSize                     = 0                                      {pd product} {ergonomic}
    uintx ReservedCodeCacheSize                    = 251658240                              {pd product} {ergonomic}
     bool SegmentedCodeCache                       = true                                      {product} {ergonomic}
     intx TieredStopAtLevel                        = 1                                         {product} {command line}
     bool UseCompressedClassPointers               = true                                 {lp64_product} {ergonomic}
     bool UseCompressedOops                        = true                                 {lp64_product} {ergonomic}
     bool UseG1GC                                  = true                                      {product} {ergonomic}
     bool UseLargePagesIndividualAllocation        = false                                  {pd product} {ergonomic}

Logging:
Log output configuration:
 #0: stdout all=warning uptime,level,tags
 #1: stderr all=off uptime,level,tags

Environment Variables:
PATH=C:\Program Files\Common Files\Oracle\Java\javapath;C:\Windows\system32;C:\Windows;C:\Windows\System32\Wbem;C:\Windows\System32\WindowsPowerShell\v1.0\;C:\Windows\System32\OpenSSH\;C:\Program Files\Git\cmd;C:\Users\tauan\AppData\Local\Microsoft\WindowsApps;;C:\Users\tauan\AppData\Local\Programs\Microsoft VS Code\bin
USERNAME=tauan
OS=Windows_NT
PROCESSOR_IDENTIFIER=Intel64 Family 6 Model 85 Stepping 7, GenuineIntel



---------------  S Y S T E M  ---------------

OS: Windows 10 , 64 bit Build 19041 (10.0.19041.1202)
Hyper-V virtualization detected

CPU:total 4 (initial active 4) (4 cores per cpu, 1 threads per core) family 6 model 85 stepping 7 microcode 0xffffffff, cmov, cx8, fxsr, mmx, sse, sse2, sse3, ssse3, sse4.1, sse4.2, popcnt, avx, avx2, aes, clmul, erms, rtm, 3dnowpref, lzcnt, tsc, bmi1, bmi2, adx, evex, fma

Memory: 4k page, system-wide physical 16382M (11299M free)
TotalPageFile size 18814M (AvailPageFile size 11951M)
current process WorkingSet (physical memory assigned to process): 116M, peak: 116M
current process commit charge ("private bytes"): 356M, peak: 356M

vm_info: Java HotSpot(TM) 64-Bit Server VM (11.0.11+9-LTS-194) for windows-amd64 JRE (11.0.11+9-LTS-194), built on Mar 18 2021 18:46:53 by "mach5one" with MS VC++ 15.9 (VS2017)

END.
