#
# A fatal error has been detected by the Java Runtime Environment:
#
#  EXCEPTION_ACCESS_VIOLATION (0xc0000005) at pc=0x0000025cd1fd08d2, pid=5512, tid=6516
#
# JRE version: Java(TM) SE Runtime Environment 18.9 (11.0.11+9) (build 11.0.11+9-LTS-194)
# Java VM: Java HotSpot(TM) 64-Bit Server VM 18.9 (11.0.11+9-LTS-194, mixed mode, tiered, compressed oops, g1 gc, windows-amd64)
# Problematic frame:
# j  javax.validation.Validation.byDefaultProvider()Ljavax/validation/bootstrap/GenericBootstrap;+0
#
# No core dump will be written. Minidumps are not enabled by default on client versions of Windows
#
# If you would like to submit a bug report, please visit:
#   https://bugreport.java.com/bugreport/crash.jsp
#

---------------  S U M M A R Y ------------

Command Line: -agentlib:jdwp=transport=dt_socket,address=127.0.0.1:62138,suspend=y,server=n -XX:TieredStopAtLevel=1 -Xverify:none -Dspring.output.ansi.enabled=always -javaagent:C:\Users\tauan\AppData\Local\JetBrains\IntelliJIdea2021.1\captureAgent\debugger-agent.jar -Dcom.sun.management.jmxremote -Dspring.jmx.enabled=true -Dspring.liveBeansView.mbeanDomain -Dspring.application.admin.enabled=true -Dfile.encoding=UTF-8 br.edu.infnet.AT_Web.AtWebApplication

Host: Intel(R) Xeon(R) Platinum 8272CL CPU @ 2.60GHz, 4 cores, 15G,  Windows 10 , 64 bit Build 19041 (10.0.19041.1202)
Time: Thu Oct  7 13:24:09 2021 Coordinated Universal Time elapsed time: 2.571511 seconds (0d 0h 0m 2s)

---------------  T H R E A D  ---------------

Current thread (0x0000025cef68f000):  JavaThread "background-preinit" [_thread_in_Java, id=6516, stack(0x00000076b7900000,0x00000076b7a00000)]

Stack: [0x00000076b7900000,0x00000076b7a00000],  sp=0x00000076b79ff188,  free space=1020k
Native frames: (J=compiled Java code, j=interpreted, Vv=VM code, C=native code)
C  0x0000025cd1fd08d2


siginfo: EXCEPTION_ACCESS_VIOLATION (0xc0000005), reading address 0x0000025cf1f898dd


Register to memory mapping:

RIP=0x0000025cd1fd08d2 is at code_begin+594 in an Interpreter codelet
goto_w  200 goto_w  [0x0000025cd1fd0680, 0x0000025cd1fd0e20]  1952 bytes
RAX=0x0 is NULL
RBX=0x00000000000000c8 is an unknown value
RCX={method} {0x0000025cf07632e8} 'byDefaultProvider' '()Ljavax/validation/bootstrap/GenericBootstrap;' in 'javax/validation/Validation'
RDX=0x00000000018265fd is an unknown value
RSP=0x00000076b79ff188 is pointing into the stack for thread: 0x0000025cef68f000
RBP=0x00000076b79ff1d0 is pointing into the stack for thread: 0x0000025cef68f000
RSI=0x0000000020200020 is an unknown value
RDI=0x0000000000000010 is an unknown value
R8 =0x0000000000000008 is an unknown value
R9 =0x0000000000000004 is an unknown value
R10=0x00007ffd659dfab0 jvm.dll
R11={method} {0x0000025cf07632e8} 'byDefaultProvider' '()Ljavax/validation/bootstrap/GenericBootstrap;' in 'javax/validation/Validation'
R12=0x0 is NULL
R13=0x0000025cf1f898dd is an unknown value
R14=0x00000076b79ff1d8 is pointing into the stack for thread: 0x0000025cef68f000
R15=0x0000025cef68f000 is a thread


Registers:
RAX=0x0000000000000000, RBX=0x00000000000000c8, RCX=0x0000025cf07632e0, RDX=0x00000000018265fd
RSP=0x00000076b79ff188, RBP=0x00000076b79ff1d0, RSI=0x0000000020200020, RDI=0x0000000000000010
R8 =0x0000000000000008, R9 =0x0000000000000004, R10=0x00007ffd659dfab0, R11=0x0000025cf07632e0
R12=0x0000000000000000, R13=0x0000025cf1f898dd, R14=0x00000076b79ff1d8, R15=0x0000025cef68f000
RIP=0x0000025cd1fd08d2, EFLAGS=0x0000000000010202

Top of Stack: (sp=0x00000076b79ff188)
0x00000076b79ff188:   00000076b79ff188 0000025cf07632e0
0x00000076b79ff198:   00000076b79ff1d8 0000025cf0763418
0x00000076b79ff1a8:   0000000000000000 000000070d2a0ff8
0x00000076b79ff1b8:   0000025cf07632e0 0000000000000000
0x00000076b79ff1c8:   00000076b79ff1e0 00000076b79ff228
0x00000076b79ff1d8:   0000025cd1fac810 00000076b79ff1e0
0x00000076b79ff1e8:   0000025cf0761860 00000076b79ff240
0x00000076b79ff1f8:   0000025cf07619e0 0000000000000000
0x00000076b79ff208:   000000070d296a48 0000025cf0761898
0x00000076b79ff218:   00000076b79ff1e0 00000076b79ff240
0x00000076b79ff228:   00000076b79ff290 0000025cd1face04
0x00000076b79ff238:   0000000000000000 000000070d296b98
0x00000076b79ff248:   00000076b79ff248 0000025cf075d051
0x00000076b79ff258:   00000076b79ff2b0 0000025cf075d140
0x00000076b79ff268:   0000000000000000 000000070d265920
0x00000076b79ff278:   0000025cf075d090 00000076b79ff240 

Instructions: (pc=0x0000025cd1fd08d2)
0x0000025cd1fd08b2:   84 27 02 00 00 e9 16 00 00 00 48 8b 49 18 8b 41
0x0000025cd1fd08c2:   1c 83 c0 08 89 41 1c 23 41 34 0f 84 0c 02 00 00
0x0000025cd1fd08d2:   41 0f b6 5d 00 41 f6 87 08 01 00 00 08 74 0c 49
0x0000025cd1fd08e2:   ba b0 9a 9e 65 fd 7f 00 00 eb 0a 49 ba b0 fa 9d 


Stack slot to memory mapping:
stack at sp + 0 slots: 0x00000076b79ff188 is pointing into the stack for thread: 0x0000025cef68f000
stack at sp + 1 slots: {method} {0x0000025cf07632e8} 'byDefaultProvider' '()Ljavax/validation/bootstrap/GenericBootstrap;' in 'javax/validation/Validation'
stack at sp + 2 slots: 0x00000076b79ff1d8 is pointing into the stack for thread: 0x0000025cef68f000
stack at sp + 3 slots: 0x0000025cf0763418 is pointing into metadata
stack at sp + 4 slots: 0x0 is NULL
stack at sp + 5 slots: 0x000000070d2a0ff8 is an oop: java.lang.Class 
{0x000000070d2a0ff8} - klass: 'java/lang/Class'
stack at sp + 6 slots: {method} {0x0000025cf07632e8} 'byDefaultProvider' '()Ljavax/validation/bootstrap/GenericBootstrap;' in 'javax/validation/Validation'
stack at sp + 7 slots: 0x0 is NULL

goto_w  200 goto_w  [0x0000025cd1fd0680, 0x0000025cd1fd0e20]  1952 bytes

---------------  P R O C E S S  ---------------

Threads class SMR info:
_java_thread_list=0x0000025cef4db570, length=17, elements={
0x0000025cc82dd800, 0x0000025ced484800, 0x0000025ced485800, 0x0000025cedd82800,
0x0000025cedd86000, 0x0000025cedd87000, 0x0000025cedda8000, 0x0000025ced442000,
0x0000025cedf6f000, 0x0000025cedf72800, 0x0000025cedf73000, 0x0000025cee452000,
0x0000025cee67d800, 0x0000025cee7c7000, 0x0000025cef4d6800, 0x0000025cef68f000,
0x0000025cef7ca000
}

Java Threads: ( => current thread )
  0x0000025cc82dd800 JavaThread "main" [_thread_blocked, id=4268, stack(0x00000076b6000000,0x00000076b6100000)]
  0x0000025ced484800 JavaThread "Reference Handler" daemon [_thread_blocked, id=7108, stack(0x00000076b6700000,0x00000076b6800000)]
  0x0000025ced485800 JavaThread "Finalizer" daemon [_thread_blocked, id=7100, stack(0x00000076b6800000,0x00000076b6900000)]
  0x0000025cedd82800 JavaThread "Signal Dispatcher" daemon [_thread_blocked, id=3412, stack(0x00000076b6900000,0x00000076b6a00000)]
  0x0000025cedd86000 JavaThread "Attach Listener" daemon [_thread_blocked, id=7160, stack(0x00000076b6a00000,0x00000076b6b00000)]
  0x0000025cedd87000 JavaThread "C1 CompilerThread0" daemon [_thread_blocked, id=7136, stack(0x00000076b6b00000,0x00000076b6c00000)]
  0x0000025cedda8000 JavaThread "Sweeper thread" daemon [_thread_blocked, id=7140, stack(0x00000076b6c00000,0x00000076b6d00000)]
  0x0000025ced442000 JavaThread "Common-Cleaner" daemon [_thread_blocked, id=7128, stack(0x00000076b6d00000,0x00000076b6e00000)]
  0x0000025cedf6f000 JavaThread "JDWP Transport Listener: dt_socket" daemon [_thread_blocked, id=7372, stack(0x00000076b6e00000,0x00000076b6f00000)]
  0x0000025cedf72800 JavaThread "JDWP Event Helper Thread" daemon [_thread_blocked, id=6580, stack(0x00000076b6f00000,0x00000076b7000000)]
  0x0000025cedf73000 JavaThread "JDWP Command Reader" daemon [_thread_in_native, id=6968, stack(0x00000076b7000000,0x00000076b7100000)]
  0x0000025cee452000 JavaThread "Service Thread" daemon [_thread_blocked, id=7564, stack(0x00000076b7100000,0x00000076b7200000)]
  0x0000025cee67d800 JavaThread "RMI TCP Accept-0" daemon [_thread_in_native, id=1688, stack(0x00000076b7500000,0x00000076b7600000)]
  0x0000025cee7c7000 JavaThread "RMI TCP Connection(1)-10.1.0.4" daemon [_thread_blocked, id=524, stack(0x00000076b7700000,0x00000076b7800000)]
  0x0000025cef4d6800 JavaThread "RMI Scheduler(0)" daemon [_thread_blocked, id=2596, stack(0x00000076b7800000,0x00000076b7900000)]
=>0x0000025cef68f000 JavaThread "background-preinit" [_thread_in_Java, id=6516, stack(0x00000076b7900000,0x00000076b7a00000)]
  0x0000025cef7ca000 JavaThread "JMX server connection timeout 22" daemon [_thread_blocked, id=7172, stack(0x00000076b7a00000,0x00000076b7b00000)]

Other Threads:
  0x0000025ced4ac800 VMThread "VM Thread" [stack: 0x00000076b6600000,0x00000076b6700000] [id=6964] _threads_hazard_ptr=0x0000025cef4db570
  0x0000025cee68a000 WatcherThread [stack: 0x00000076b7600000,0x00000076b7700000] [id=6720]
  0x0000025cc82f4800 GCTaskThread "GC Thread#0" [stack: 0x00000076b6100000,0x00000076b6200000] [id=5452]
  0x0000025cee5fe000 GCTaskThread "GC Thread#1" [stack: 0x00000076b7200000,0x00000076b7300000] [id=7560]
  0x0000025cee5ff000 GCTaskThread "GC Thread#2" [stack: 0x00000076b7300000,0x00000076b7400000] [id=7556]
  0x0000025cee600000 GCTaskThread "GC Thread#3" [stack: 0x00000076b7400000,0x00000076b7500000] [id=6504]
  0x0000025cc8352800 ConcurrentGCThread "G1 Main Marker" [stack: 0x00000076b6200000,0x00000076b6300000] [id=7156]
  0x0000025cc8355000 ConcurrentGCThread "G1 Conc#0" [stack: 0x00000076b6300000,0x00000076b6400000] [id=5360]
  0x0000025ced364800 ConcurrentGCThread "G1 Refine#0" [stack: 0x00000076b6400000,0x00000076b6500000] [id=6948]
  0x0000025ced365800 ConcurrentGCThread "G1 Young RemSet Sampling" [stack: 0x00000076b6500000,0x00000076b6600000] [id=6916]

Threads with active compile tasks:
C1 CompilerThread0   2592 1962   !   1       java.io.ObjectOutputStream::writeObject0 (619 bytes)

VM state:synchronizing (normal execution)

VM Mutex/Monitor currently owned by a thread:  ([mutex/lock_event])
[0x0000025cc82db790] Safepoint_lock - owner thread: 0x0000025ced4ac800
[0x0000025cc82db9d0] Threads_lock - owner thread: 0x0000025ced4ac800

Heap address: 0x0000000700000000, size: 4096 MB, Compressed Oops mode: Zero based, Oop shift amount: 3
Narrow klass base: 0x0000000800000000, Narrow klass shift: 0
Compressed class space size: 1073741824 Address: 0x0000000800000000

Heap:
 garbage-first heap   total 262144K, used 49839K [0x0000000700000000, 0x0000000800000000)
  region size 1024K, 48 young (49152K), 2 survivors (2048K)
 Metaspace       used 19925K, capacity 20590K, committed 20864K, reserved 1067008K
  class space    used 2312K, capacity 2576K, committed 2688K, reserved 1048576K
Heap Regions: E=young(eden), S=young(survivor), O=old, HS=humongous(starts), HC=humongous(continues), CS=collection set, F=free, A=archive, TAMS=top-at-mark-start (previous, next)
|   0|0x0000000700000000, 0x0000000700000000, 0x0000000700100000|  0%| F|  |TAMS 0x0000000700000000, 0x0000000700000000| Untracked 
|   1|0x0000000700100000, 0x0000000700200000, 0x0000000700200000|100%| O|  |TAMS 0x0000000700100000, 0x0000000700100000| Untracked 
|   2|0x0000000700200000, 0x0000000700300000, 0x0000000700300000|100%| O|  |TAMS 0x0000000700200000, 0x0000000700200000| Untracked 
|   3|0x0000000700300000, 0x00000007003abe00, 0x0000000700400000| 67%| O|  |TAMS 0x0000000700300000, 0x0000000700300000| Untracked 
|   4|0x0000000700400000, 0x0000000700400000, 0x0000000700500000|  0%| F|  |TAMS 0x0000000700400000, 0x0000000700400000| Untracked 
|   5|0x0000000700500000, 0x0000000700500000, 0x0000000700600000|  0%| F|  |TAMS 0x0000000700500000, 0x0000000700500000| Untracked 
|   6|0x0000000700600000, 0x0000000700600000, 0x0000000700700000|  0%| F|  |TAMS 0x0000000700600000, 0x0000000700600000| Untracked 
|   7|0x0000000700700000, 0x0000000700700000, 0x0000000700800000|  0%| F|  |TAMS 0x0000000700700000, 0x0000000700700000| Untracked 
|   8|0x0000000700800000, 0x0000000700800000, 0x0000000700900000|  0%| F|  |TAMS 0x0000000700800000, 0x0000000700800000| Untracked 
|   9|0x0000000700900000, 0x0000000700900000, 0x0000000700a00000|  0%| F|  |TAMS 0x0000000700900000, 0x0000000700900000| Untracked 
|  10|0x0000000700a00000, 0x0000000700a00000, 0x0000000700b00000|  0%| F|  |TAMS 0x0000000700a00000, 0x0000000700a00000| Untracked 
|  11|0x0000000700b00000, 0x0000000700b00000, 0x0000000700c00000|  0%| F|  |TAMS 0x0000000700b00000, 0x0000000700b00000| Untracked 
|  12|0x0000000700c00000, 0x0000000700c00000, 0x0000000700d00000|  0%| F|  |TAMS 0x0000000700c00000, 0x0000000700c00000| Untracked 
|  13|0x0000000700d00000, 0x0000000700d00000, 0x0000000700e00000|  0%| F|  |TAMS 0x0000000700d00000, 0x0000000700d00000| Untracked 
|  14|0x0000000700e00000, 0x0000000700e00000, 0x0000000700f00000|  0%| F|  |TAMS 0x0000000700e00000, 0x0000000700e00000| Untracked 
|  15|0x0000000700f00000, 0x0000000700f00000, 0x0000000701000000|  0%| F|  |TAMS 0x0000000700f00000, 0x0000000700f00000| Untracked 
|  16|0x0000000701000000, 0x0000000701000000, 0x0000000701100000|  0%| F|  |TAMS 0x0000000701000000, 0x0000000701000000| Untracked 
|  17|0x0000000701100000, 0x0000000701100000, 0x0000000701200000|  0%| F|  |TAMS 0x0000000701100000, 0x0000000701100000| Untracked 
|  18|0x0000000701200000, 0x0000000701200000, 0x0000000701300000|  0%| F|  |TAMS 0x0000000701200000, 0x0000000701200000| Untracked 
|  19|0x0000000701300000, 0x0000000701300000, 0x0000000701400000|  0%| F|  |TAMS 0x0000000701300000, 0x0000000701300000| Untracked 
|  20|0x0000000701400000, 0x0000000701400000, 0x0000000701500000|  0%| F|  |TAMS 0x0000000701400000, 0x0000000701400000| Untracked 
|  21|0x0000000701500000, 0x0000000701500000, 0x0000000701600000|  0%| F|  |TAMS 0x0000000701500000, 0x0000000701500000| Untracked 
|  22|0x0000000701600000, 0x0000000701600000, 0x0000000701700000|  0%| F|  |TAMS 0x0000000701600000, 0x0000000701600000| Untracked 
|  23|0x0000000701700000, 0x0000000701700000, 0x0000000701800000|  0%| F|  |TAMS 0x0000000701700000, 0x0000000701700000| Untracked 
|  24|0x0000000701800000, 0x0000000701800000, 0x0000000701900000|  0%| F|  |TAMS 0x0000000701800000, 0x0000000701800000| Untracked 
|  25|0x0000000701900000, 0x0000000701900000, 0x0000000701a00000|  0%| F|  |TAMS 0x0000000701900000, 0x0000000701900000| Untracked 
|  26|0x0000000701a00000, 0x0000000701a00000, 0x0000000701b00000|  0%| F|  |TAMS 0x0000000701a00000, 0x0000000701a00000| Untracked 
|  27|0x0000000701b00000, 0x0000000701b00000, 0x0000000701c00000|  0%| F|  |TAMS 0x0000000701b00000, 0x0000000701b00000| Untracked 
|  28|0x0000000701c00000, 0x0000000701c00000, 0x0000000701d00000|  0%| F|  |TAMS 0x0000000701c00000, 0x0000000701c00000| Untracked 
|  29|0x0000000701d00000, 0x0000000701d00000, 0x0000000701e00000|  0%| F|  |TAMS 0x0000000701d00000, 0x0000000701d00000| Untracked 
|  30|0x0000000701e00000, 0x0000000701e00000, 0x0000000701f00000|  0%| F|  |TAMS 0x0000000701e00000, 0x0000000701e00000| Untracked 
|  31|0x0000000701f00000, 0x0000000701f00000, 0x0000000702000000|  0%| F|  |TAMS 0x0000000701f00000, 0x0000000701f00000| Untracked 
|  32|0x0000000702000000, 0x0000000702000000, 0x0000000702100000|  0%| F|  |TAMS 0x0000000702000000, 0x0000000702000000| Untracked 
|  33|0x0000000702100000, 0x0000000702100000, 0x0000000702200000|  0%| F|  |TAMS 0x0000000702100000, 0x0000000702100000| Untracked 
|  34|0x0000000702200000, 0x0000000702200000, 0x0000000702300000|  0%| F|  |TAMS 0x0000000702200000, 0x0000000702200000| Untracked 
|  35|0x0000000702300000, 0x0000000702300000, 0x0000000702400000|  0%| F|  |TAMS 0x0000000702300000, 0x0000000702300000| Untracked 
|  36|0x0000000702400000, 0x0000000702400000, 0x0000000702500000|  0%| F|  |TAMS 0x0000000702400000, 0x0000000702400000| Untracked 
|  37|0x0000000702500000, 0x0000000702500000, 0x0000000702600000|  0%| F|  |TAMS 0x0000000702500000, 0x0000000702500000| Untracked 
|  38|0x0000000702600000, 0x0000000702600000, 0x0000000702700000|  0%| F|  |TAMS 0x0000000702600000, 0x0000000702600000| Untracked 
|  39|0x0000000702700000, 0x0000000702700000, 0x0000000702800000|  0%| F|  |TAMS 0x0000000702700000, 0x0000000702700000| Untracked 
|  40|0x0000000702800000, 0x0000000702800000, 0x0000000702900000|  0%| F|  |TAMS 0x0000000702800000, 0x0000000702800000| Untracked 
|  41|0x0000000702900000, 0x0000000702900000, 0x0000000702a00000|  0%| F|  |TAMS 0x0000000702900000, 0x0000000702900000| Untracked 
|  42|0x0000000702a00000, 0x0000000702a00000, 0x0000000702b00000|  0%| F|  |TAMS 0x0000000702a00000, 0x0000000702a00000| Untracked 
|  43|0x0000000702b00000, 0x0000000702b00000, 0x0000000702c00000|  0%| F|  |TAMS 0x0000000702b00000, 0x0000000702b00000| Untracked 
|  44|0x0000000702c00000, 0x0000000702c00000, 0x0000000702d00000|  0%| F|  |TAMS 0x0000000702c00000, 0x0000000702c00000| Untracked 
|  45|0x0000000702d00000, 0x0000000702d00000, 0x0000000702e00000|  0%| F|  |TAMS 0x0000000702d00000, 0x0000000702d00000| Untracked 
|  46|0x0000000702e00000, 0x0000000702e00000, 0x0000000702f00000|  0%| F|  |TAMS 0x0000000702e00000, 0x0000000702e00000| Untracked 
|  47|0x0000000702f00000, 0x0000000702f00000, 0x0000000703000000|  0%| F|  |TAMS 0x0000000702f00000, 0x0000000702f00000| Untracked 
|  48|0x0000000703000000, 0x0000000703000000, 0x0000000703100000|  0%| F|  |TAMS 0x0000000703000000, 0x0000000703000000| Untracked 
|  49|0x0000000703100000, 0x0000000703100000, 0x0000000703200000|  0%| F|  |TAMS 0x0000000703100000, 0x0000000703100000| Untracked 
|  50|0x0000000703200000, 0x0000000703200000, 0x0000000703300000|  0%| F|  |TAMS 0x0000000703200000, 0x0000000703200000| Untracked 
|  51|0x0000000703300000, 0x0000000703300000, 0x0000000703400000|  0%| F|  |TAMS 0x0000000703300000, 0x0000000703300000| Untracked 
|  52|0x0000000703400000, 0x0000000703400000, 0x0000000703500000|  0%| F|  |TAMS 0x0000000703400000, 0x0000000703400000| Untracked 
|  53|0x0000000703500000, 0x0000000703500000, 0x0000000703600000|  0%| F|  |TAMS 0x0000000703500000, 0x0000000703500000| Untracked 
|  54|0x0000000703600000, 0x0000000703600000, 0x0000000703700000|  0%| F|  |TAMS 0x0000000703600000, 0x0000000703600000| Untracked 
|  55|0x0000000703700000, 0x0000000703700000, 0x0000000703800000|  0%| F|  |TAMS 0x0000000703700000, 0x0000000703700000| Untracked 
|  56|0x0000000703800000, 0x0000000703800000, 0x0000000703900000|  0%| F|  |TAMS 0x0000000703800000, 0x0000000703800000| Untracked 
|  57|0x0000000703900000, 0x0000000703900000, 0x0000000703a00000|  0%| F|  |TAMS 0x0000000703900000, 0x0000000703900000| Untracked 
|  58|0x0000000703a00000, 0x0000000703a00000, 0x0000000703b00000|  0%| F|  |TAMS 0x0000000703a00000, 0x0000000703a00000| Untracked 
|  59|0x0000000703b00000, 0x0000000703b00000, 0x0000000703c00000|  0%| F|  |TAMS 0x0000000703b00000, 0x0000000703b00000| Untracked 
|  60|0x0000000703c00000, 0x0000000703c00000, 0x0000000703d00000|  0%| F|  |TAMS 0x0000000703c00000, 0x0000000703c00000| Untracked 
|  61|0x0000000703d00000, 0x0000000703d00000, 0x0000000703e00000|  0%| F|  |TAMS 0x0000000703d00000, 0x0000000703d00000| Untracked 
|  62|0x0000000703e00000, 0x0000000703e00000, 0x0000000703f00000|  0%| F|  |TAMS 0x0000000703e00000, 0x0000000703e00000| Untracked 
|  63|0x0000000703f00000, 0x0000000703f00000, 0x0000000704000000|  0%| F|  |TAMS 0x0000000703f00000, 0x0000000703f00000| Untracked 
|  64|0x0000000704000000, 0x0000000704000000, 0x0000000704100000|  0%| F|  |TAMS 0x0000000704000000, 0x0000000704000000| Untracked 
|  65|0x0000000704100000, 0x0000000704100000, 0x0000000704200000|  0%| F|  |TAMS 0x0000000704100000, 0x0000000704100000| Untracked 
|  66|0x0000000704200000, 0x0000000704200000, 0x0000000704300000|  0%| F|  |TAMS 0x0000000704200000, 0x0000000704200000| Untracked 
|  67|0x0000000704300000, 0x0000000704300000, 0x0000000704400000|  0%| F|  |TAMS 0x0000000704300000, 0x0000000704300000| Untracked 
|  68|0x0000000704400000, 0x0000000704400000, 0x0000000704500000|  0%| F|  |TAMS 0x0000000704400000, 0x0000000704400000| Untracked 
|  69|0x0000000704500000, 0x0000000704500000, 0x0000000704600000|  0%| F|  |TAMS 0x0000000704500000, 0x0000000704500000| Untracked 
|  70|0x0000000704600000, 0x0000000704600000, 0x0000000704700000|  0%| F|  |TAMS 0x0000000704600000, 0x0000000704600000| Untracked 
|  71|0x0000000704700000, 0x0000000704700000, 0x0000000704800000|  0%| F|  |TAMS 0x0000000704700000, 0x0000000704700000| Untracked 
|  72|0x0000000704800000, 0x0000000704800000, 0x0000000704900000|  0%| F|  |TAMS 0x0000000704800000, 0x0000000704800000| Untracked 
|  73|0x0000000704900000, 0x0000000704900000, 0x0000000704a00000|  0%| F|  |TAMS 0x0000000704900000, 0x0000000704900000| Untracked 
|  74|0x0000000704a00000, 0x0000000704a00000, 0x0000000704b00000|  0%| F|  |TAMS 0x0000000704a00000, 0x0000000704a00000| Untracked 
|  75|0x0000000704b00000, 0x0000000704b00000, 0x0000000704c00000|  0%| F|  |TAMS 0x0000000704b00000, 0x0000000704b00000| Untracked 
|  76|0x0000000704c00000, 0x0000000704c00000, 0x0000000704d00000|  0%| F|  |TAMS 0x0000000704c00000, 0x0000000704c00000| Untracked 
|  77|0x0000000704d00000, 0x0000000704d00000, 0x0000000704e00000|  0%| F|  |TAMS 0x0000000704d00000, 0x0000000704d00000| Untracked 
|  78|0x0000000704e00000, 0x0000000704e00000, 0x0000000704f00000|  0%| F|  |TAMS 0x0000000704e00000, 0x0000000704e00000| Untracked 
|  79|0x0000000704f00000, 0x0000000704f00000, 0x0000000705000000|  0%| F|  |TAMS 0x0000000704f00000, 0x0000000704f00000| Untracked 
|  80|0x0000000705000000, 0x0000000705000000, 0x0000000705100000|  0%| F|  |TAMS 0x0000000705000000, 0x0000000705000000| Untracked 
|  81|0x0000000705100000, 0x0000000705100000, 0x0000000705200000|  0%| F|  |TAMS 0x0000000705100000, 0x0000000705100000| Untracked 
|  82|0x0000000705200000, 0x0000000705200000, 0x0000000705300000|  0%| F|  |TAMS 0x0000000705200000, 0x0000000705200000| Untracked 
|  83|0x0000000705300000, 0x0000000705300000, 0x0000000705400000|  0%| F|  |TAMS 0x0000000705300000, 0x0000000705300000| Untracked 
|  84|0x0000000705400000, 0x0000000705400000, 0x0000000705500000|  0%| F|  |TAMS 0x0000000705400000, 0x0000000705400000| Untracked 
|  85|0x0000000705500000, 0x0000000705500000, 0x0000000705600000|  0%| F|  |TAMS 0x0000000705500000, 0x0000000705500000| Untracked 
|  86|0x0000000705600000, 0x0000000705600000, 0x0000000705700000|  0%| F|  |TAMS 0x0000000705600000, 0x0000000705600000| Untracked 
|  87|0x0000000705700000, 0x0000000705700000, 0x0000000705800000|  0%| F|  |TAMS 0x0000000705700000, 0x0000000705700000| Untracked 
|  88|0x0000000705800000, 0x0000000705800000, 0x0000000705900000|  0%| F|  |TAMS 0x0000000705800000, 0x0000000705800000| Untracked 
|  89|0x0000000705900000, 0x0000000705900000, 0x0000000705a00000|  0%| F|  |TAMS 0x0000000705900000, 0x0000000705900000| Untracked 
|  90|0x0000000705a00000, 0x0000000705a00000, 0x0000000705b00000|  0%| F|  |TAMS 0x0000000705a00000, 0x0000000705a00000| Untracked 
|  91|0x0000000705b00000, 0x0000000705b00000, 0x0000000705c00000|  0%| F|  |TAMS 0x0000000705b00000, 0x0000000705b00000| Untracked 
|  92|0x0000000705c00000, 0x0000000705c00000, 0x0000000705d00000|  0%| F|  |TAMS 0x0000000705c00000, 0x0000000705c00000| Untracked 
|  93|0x0000000705d00000, 0x0000000705d00000, 0x0000000705e00000|  0%| F|  |TAMS 0x0000000705d00000, 0x0000000705d00000| Untracked 
|  94|0x0000000705e00000, 0x0000000705e00000, 0x0000000705f00000|  0%| F|  |TAMS 0x0000000705e00000, 0x0000000705e00000| Untracked 
|  95|0x0000000705f00000, 0x0000000705f00000, 0x0000000706000000|  0%| F|  |TAMS 0x0000000705f00000, 0x0000000705f00000| Untracked 
|  96|0x0000000706000000, 0x0000000706000000, 0x0000000706100000|  0%| F|  |TAMS 0x0000000706000000, 0x0000000706000000| Untracked 
|  97|0x0000000706100000, 0x0000000706100000, 0x0000000706200000|  0%| F|  |TAMS 0x0000000706100000, 0x0000000706100000| Untracked 
|  98|0x0000000706200000, 0x0000000706200000, 0x0000000706300000|  0%| F|  |TAMS 0x0000000706200000, 0x0000000706200000| Untracked 
|  99|0x0000000706300000, 0x0000000706300000, 0x0000000706400000|  0%| F|  |TAMS 0x0000000706300000, 0x0000000706300000| Untracked 
| 100|0x0000000706400000, 0x0000000706400000, 0x0000000706500000|  0%| F|  |TAMS 0x0000000706400000, 0x0000000706400000| Untracked 
| 101|0x0000000706500000, 0x0000000706500000, 0x0000000706600000|  0%| F|  |TAMS 0x0000000706500000, 0x0000000706500000| Untracked 
| 102|0x0000000706600000, 0x0000000706600000, 0x0000000706700000|  0%| F|  |TAMS 0x0000000706600000, 0x0000000706600000| Untracked 
| 103|0x0000000706700000, 0x0000000706700000, 0x0000000706800000|  0%| F|  |TAMS 0x0000000706700000, 0x0000000706700000| Untracked 
| 104|0x0000000706800000, 0x0000000706800000, 0x0000000706900000|  0%| F|  |TAMS 0x0000000706800000, 0x0000000706800000| Untracked 
| 105|0x0000000706900000, 0x0000000706900000, 0x0000000706a00000|  0%| F|  |TAMS 0x0000000706900000, 0x0000000706900000| Untracked 
| 106|0x0000000706a00000, 0x0000000706a00000, 0x0000000706b00000|  0%| F|  |TAMS 0x0000000706a00000, 0x0000000706a00000| Untracked 
| 107|0x0000000706b00000, 0x0000000706b00000, 0x0000000706c00000|  0%| F|  |TAMS 0x0000000706b00000, 0x0000000706b00000| Untracked 
| 108|0x0000000706c00000, 0x0000000706c00000, 0x0000000706d00000|  0%| F|  |TAMS 0x0000000706c00000, 0x0000000706c00000| Untracked 
| 109|0x0000000706d00000, 0x0000000706d00000, 0x0000000706e00000|  0%| F|  |TAMS 0x0000000706d00000, 0x0000000706d00000| Untracked 
| 110|0x0000000706e00000, 0x0000000706e00000, 0x0000000706f00000|  0%| F|  |TAMS 0x0000000706e00000, 0x0000000706e00000| Untracked 
| 111|0x0000000706f00000, 0x0000000706f00000, 0x0000000707000000|  0%| F|  |TAMS 0x0000000706f00000, 0x0000000706f00000| Untracked 
| 112|0x0000000707000000, 0x0000000707000000, 0x0000000707100000|  0%| F|  |TAMS 0x0000000707000000, 0x0000000707000000| Untracked 
| 113|0x0000000707100000, 0x0000000707100000, 0x0000000707200000|  0%| F|  |TAMS 0x0000000707100000, 0x0000000707100000| Untracked 
| 114|0x0000000707200000, 0x0000000707200000, 0x0000000707300000|  0%| F|  |TAMS 0x0000000707200000, 0x0000000707200000| Untracked 
| 115|0x0000000707300000, 0x0000000707300000, 0x0000000707400000|  0%| F|  |TAMS 0x0000000707300000, 0x0000000707300000| Untracked 
| 116|0x0000000707400000, 0x0000000707400000, 0x0000000707500000|  0%| F|  |TAMS 0x0000000707400000, 0x0000000707400000| Untracked 
| 117|0x0000000707500000, 0x0000000707500000, 0x0000000707600000|  0%| F|  |TAMS 0x0000000707500000, 0x0000000707500000| Untracked 
| 118|0x0000000707600000, 0x0000000707600000, 0x0000000707700000|  0%| F|  |TAMS 0x0000000707600000, 0x0000000707600000| Untracked 
| 119|0x0000000707700000, 0x0000000707700000, 0x0000000707800000|  0%| F|  |TAMS 0x0000000707700000, 0x0000000707700000| Untracked 
| 120|0x0000000707800000, 0x0000000707800000, 0x0000000707900000|  0%| F|  |TAMS 0x0000000707800000, 0x0000000707800000| Untracked 
| 121|0x0000000707900000, 0x0000000707900000, 0x0000000707a00000|  0%| F|  |TAMS 0x0000000707900000, 0x0000000707900000| Untracked 
| 122|0x0000000707a00000, 0x0000000707a00000, 0x0000000707b00000|  0%| F|  |TAMS 0x0000000707a00000, 0x0000000707a00000| Untracked 
| 123|0x0000000707b00000, 0x0000000707b00000, 0x0000000707c00000|  0%| F|  |TAMS 0x0000000707b00000, 0x0000000707b00000| Untracked 
| 124|0x0000000707c00000, 0x0000000707c00000, 0x0000000707d00000|  0%| F|  |TAMS 0x0000000707c00000, 0x0000000707c00000| Untracked 
| 125|0x0000000707d00000, 0x0000000707d00000, 0x0000000707e00000|  0%| F|  |TAMS 0x0000000707d00000, 0x0000000707d00000| Untracked 
| 126|0x0000000707e00000, 0x0000000707e00000, 0x0000000707f00000|  0%| F|  |TAMS 0x0000000707e00000, 0x0000000707e00000| Untracked 
| 127|0x0000000707f00000, 0x0000000707f00000, 0x0000000708000000|  0%| F|  |TAMS 0x0000000707f00000, 0x0000000707f00000| Untracked 
| 128|0x0000000708000000, 0x0000000708000000, 0x0000000708100000|  0%| F|  |TAMS 0x0000000708000000, 0x0000000708000000| Untracked 
| 129|0x0000000708100000, 0x0000000708100000, 0x0000000708200000|  0%| F|  |TAMS 0x0000000708100000, 0x0000000708100000| Untracked 
| 130|0x0000000708200000, 0x0000000708200000, 0x0000000708300000|  0%| F|  |TAMS 0x0000000708200000, 0x0000000708200000| Untracked 
| 131|0x0000000708300000, 0x0000000708300000, 0x0000000708400000|  0%| F|  |TAMS 0x0000000708300000, 0x0000000708300000| Untracked 
| 132|0x0000000708400000, 0x0000000708400000, 0x0000000708500000|  0%| F|  |TAMS 0x0000000708400000, 0x0000000708400000| Untracked 
| 133|0x0000000708500000, 0x0000000708500000, 0x0000000708600000|  0%| F|  |TAMS 0x0000000708500000, 0x0000000708500000| Untracked 
| 134|0x0000000708600000, 0x0000000708600000, 0x0000000708700000|  0%| F|  |TAMS 0x0000000708600000, 0x0000000708600000| Untracked 
| 135|0x0000000708700000, 0x0000000708700000, 0x0000000708800000|  0%| F|  |TAMS 0x0000000708700000, 0x0000000708700000| Untracked 
| 136|0x0000000708800000, 0x0000000708800000, 0x0000000708900000|  0%| F|  |TAMS 0x0000000708800000, 0x0000000708800000| Untracked 
| 137|0x0000000708900000, 0x0000000708900000, 0x0000000708a00000|  0%| F|  |TAMS 0x0000000708900000, 0x0000000708900000| Untracked 
| 138|0x0000000708a00000, 0x0000000708a00000, 0x0000000708b00000|  0%| F|  |TAMS 0x0000000708a00000, 0x0000000708a00000| Untracked 
| 139|0x0000000708b00000, 0x0000000708b00000, 0x0000000708c00000|  0%| F|  |TAMS 0x0000000708b00000, 0x0000000708b00000| Untracked 
| 140|0x0000000708c00000, 0x0000000708c00000, 0x0000000708d00000|  0%| F|  |TAMS 0x0000000708c00000, 0x0000000708c00000| Untracked 
| 141|0x0000000708d00000, 0x0000000708d00000, 0x0000000708e00000|  0%| F|  |TAMS 0x0000000708d00000, 0x0000000708d00000| Untracked 
| 142|0x0000000708e00000, 0x0000000708e00000, 0x0000000708f00000|  0%| F|  |TAMS 0x0000000708e00000, 0x0000000708e00000| Untracked 
| 143|0x0000000708f00000, 0x0000000708f00000, 0x0000000709000000|  0%| F|  |TAMS 0x0000000708f00000, 0x0000000708f00000| Untracked 
| 144|0x0000000709000000, 0x0000000709000000, 0x0000000709100000|  0%| F|  |TAMS 0x0000000709000000, 0x0000000709000000| Untracked 
| 145|0x0000000709100000, 0x0000000709100000, 0x0000000709200000|  0%| F|  |TAMS 0x0000000709100000, 0x0000000709100000| Untracked 
| 146|0x0000000709200000, 0x0000000709200000, 0x0000000709300000|  0%| F|  |TAMS 0x0000000709200000, 0x0000000709200000| Untracked 
| 147|0x0000000709300000, 0x0000000709300000, 0x0000000709400000|  0%| F|  |TAMS 0x0000000709300000, 0x0000000709300000| Untracked 
| 148|0x0000000709400000, 0x0000000709400000, 0x0000000709500000|  0%| F|  |TAMS 0x0000000709400000, 0x0000000709400000| Untracked 
| 149|0x0000000709500000, 0x0000000709500000, 0x0000000709600000|  0%| F|  |TAMS 0x0000000709500000, 0x0000000709500000| Untracked 
| 150|0x0000000709600000, 0x0000000709600000, 0x0000000709700000|  0%| F|  |TAMS 0x0000000709600000, 0x0000000709600000| Untracked 
| 151|0x0000000709700000, 0x0000000709700000, 0x0000000709800000|  0%| F|  |TAMS 0x0000000709700000, 0x0000000709700000| Untracked 
| 152|0x0000000709800000, 0x0000000709800000, 0x0000000709900000|  0%| F|  |TAMS 0x0000000709800000, 0x0000000709800000| Untracked 
| 153|0x0000000709900000, 0x0000000709900000, 0x0000000709a00000|  0%| F|  |TAMS 0x0000000709900000, 0x0000000709900000| Untracked 
| 154|0x0000000709a00000, 0x0000000709a00000, 0x0000000709b00000|  0%| F|  |TAMS 0x0000000709a00000, 0x0000000709a00000| Untracked 
| 155|0x0000000709b00000, 0x0000000709b00000, 0x0000000709c00000|  0%| F|  |TAMS 0x0000000709b00000, 0x0000000709b00000| Untracked 
| 156|0x0000000709c00000, 0x0000000709c00000, 0x0000000709d00000|  0%| F|  |TAMS 0x0000000709c00000, 0x0000000709c00000| Untracked 
| 157|0x0000000709d00000, 0x0000000709d00000, 0x0000000709e00000|  0%| F|  |TAMS 0x0000000709d00000, 0x0000000709d00000| Untracked 
| 158|0x0000000709e00000, 0x0000000709e00000, 0x0000000709f00000|  0%| F|  |TAMS 0x0000000709e00000, 0x0000000709e00000| Untracked 
| 159|0x0000000709f00000, 0x0000000709f00000, 0x000000070a000000|  0%| F|  |TAMS 0x0000000709f00000, 0x0000000709f00000| Untracked 
| 160|0x000000070a000000, 0x000000070a000000, 0x000000070a100000|  0%| F|  |TAMS 0x000000070a000000, 0x000000070a000000| Untracked 
| 161|0x000000070a100000, 0x000000070a100000, 0x000000070a200000|  0%| F|  |TAMS 0x000000070a100000, 0x000000070a100000| Untracked 
| 162|0x000000070a200000, 0x000000070a200000, 0x000000070a300000|  0%| F|  |TAMS 0x000000070a200000, 0x000000070a200000| Untracked 
| 163|0x000000070a300000, 0x000000070a300000, 0x000000070a400000|  0%| F|  |TAMS 0x000000070a300000, 0x000000070a300000| Untracked 
| 164|0x000000070a400000, 0x000000070a400000, 0x000000070a500000|  0%| F|  |TAMS 0x000000070a400000, 0x000000070a400000| Untracked 
| 165|0x000000070a500000, 0x000000070a500000, 0x000000070a600000|  0%| F|  |TAMS 0x000000070a500000, 0x000000070a500000| Untracked 
| 166|0x000000070a600000, 0x000000070a600000, 0x000000070a700000|  0%| F|  |TAMS 0x000000070a600000, 0x000000070a600000| Untracked 
| 167|0x000000070a700000, 0x000000070a700000, 0x000000070a800000|  0%| F|  |TAMS 0x000000070a700000, 0x000000070a700000| Untracked 
| 168|0x000000070a800000, 0x000000070a800000, 0x000000070a900000|  0%| F|  |TAMS 0x000000070a800000, 0x000000070a800000| Untracked 
| 169|0x000000070a900000, 0x000000070a900000, 0x000000070aa00000|  0%| F|  |TAMS 0x000000070a900000, 0x000000070a900000| Untracked 
| 170|0x000000070aa00000, 0x000000070aa00000, 0x000000070ab00000|  0%| F|  |TAMS 0x000000070aa00000, 0x000000070aa00000| Untracked 
| 171|0x000000070ab00000, 0x000000070ab00000, 0x000000070ac00000|  0%| F|  |TAMS 0x000000070ab00000, 0x000000070ab00000| Untracked 
| 172|0x000000070ac00000, 0x000000070ac00000, 0x000000070ad00000|  0%| F|  |TAMS 0x000000070ac00000, 0x000000070ac00000| Untracked 
| 173|0x000000070ad00000, 0x000000070ad00000, 0x000000070ae00000|  0%| F|  |TAMS 0x000000070ad00000, 0x000000070ad00000| Untracked 
| 174|0x000000070ae00000, 0x000000070ae00000, 0x000000070af00000|  0%| F|  |TAMS 0x000000070ae00000, 0x000000070ae00000| Untracked 
| 175|0x000000070af00000, 0x000000070af00000, 0x000000070b000000|  0%| F|  |TAMS 0x000000070af00000, 0x000000070af00000| Untracked 
| 176|0x000000070b000000, 0x000000070b000000, 0x000000070b100000|  0%| F|  |TAMS 0x000000070b000000, 0x000000070b000000| Untracked 
| 177|0x000000070b100000, 0x000000070b100000, 0x000000070b200000|  0%| F|  |TAMS 0x000000070b100000, 0x000000070b100000| Untracked 
| 178|0x000000070b200000, 0x000000070b200000, 0x000000070b300000|  0%| F|  |TAMS 0x000000070b200000, 0x000000070b200000| Untracked 
| 179|0x000000070b300000, 0x000000070b300000, 0x000000070b400000|  0%| F|  |TAMS 0x000000070b300000, 0x000000070b300000| Untracked 
| 180|0x000000070b400000, 0x000000070b400000, 0x000000070b500000|  0%| F|  |TAMS 0x000000070b400000, 0x000000070b400000| Untracked 
| 181|0x000000070b500000, 0x000000070b500000, 0x000000070b600000|  0%| F|  |TAMS 0x000000070b500000, 0x000000070b500000| Untracked 
| 182|0x000000070b600000, 0x000000070b600000, 0x000000070b700000|  0%| F|  |TAMS 0x000000070b600000, 0x000000070b600000| Untracked 
| 183|0x000000070b700000, 0x000000070b700000, 0x000000070b800000|  0%| F|  |TAMS 0x000000070b700000, 0x000000070b700000| Untracked 
| 184|0x000000070b800000, 0x000000070b800000, 0x000000070b900000|  0%| F|  |TAMS 0x000000070b800000, 0x000000070b800000| Untracked 
| 185|0x000000070b900000, 0x000000070b900000, 0x000000070ba00000|  0%| F|  |TAMS 0x000000070b900000, 0x000000070b900000| Untracked 
| 186|0x000000070ba00000, 0x000000070ba00000, 0x000000070bb00000|  0%| F|  |TAMS 0x000000070ba00000, 0x000000070ba00000| Untracked 
| 187|0x000000070bb00000, 0x000000070bb00000, 0x000000070bc00000|  0%| F|  |TAMS 0x000000070bb00000, 0x000000070bb00000| Untracked 
| 188|0x000000070bc00000, 0x000000070bc00000, 0x000000070bd00000|  0%| F|  |TAMS 0x000000070bc00000, 0x000000070bc00000| Untracked 
| 189|0x000000070bd00000, 0x000000070bd00000, 0x000000070be00000|  0%| F|  |TAMS 0x000000070bd00000, 0x000000070bd00000| Untracked 
| 190|0x000000070be00000, 0x000000070be00000, 0x000000070bf00000|  0%| F|  |TAMS 0x000000070be00000, 0x000000070be00000| Untracked 
| 191|0x000000070bf00000, 0x000000070bf00000, 0x000000070c000000|  0%| F|  |TAMS 0x000000070bf00000, 0x000000070bf00000| Untracked 
| 192|0x000000070c000000, 0x000000070c000000, 0x000000070c100000|  0%| F|  |TAMS 0x000000070c000000, 0x000000070c000000| Untracked 
| 193|0x000000070c100000, 0x000000070c100000, 0x000000070c200000|  0%| F|  |TAMS 0x000000070c100000, 0x000000070c100000| Untracked 
| 194|0x000000070c200000, 0x000000070c200000, 0x000000070c300000|  0%| F|  |TAMS 0x000000070c200000, 0x000000070c200000| Untracked 
| 195|0x000000070c300000, 0x000000070c300000, 0x000000070c400000|  0%| F|  |TAMS 0x000000070c300000, 0x000000070c300000| Untracked 
| 196|0x000000070c400000, 0x000000070c400000, 0x000000070c500000|  0%| F|  |TAMS 0x000000070c400000, 0x000000070c400000| Untracked 
| 197|0x000000070c500000, 0x000000070c500000, 0x000000070c600000|  0%| F|  |TAMS 0x000000070c500000, 0x000000070c500000| Untracked 
| 198|0x000000070c600000, 0x000000070c600000, 0x000000070c700000|  0%| F|  |TAMS 0x000000070c600000, 0x000000070c600000| Untracked 
| 199|0x000000070c700000, 0x000000070c700000, 0x000000070c800000|  0%| F|  |TAMS 0x000000070c700000, 0x000000070c700000| Untracked 
| 200|0x000000070c800000, 0x000000070c800000, 0x000000070c900000|  0%| F|  |TAMS 0x000000070c800000, 0x000000070c800000| Untracked 
| 201|0x000000070c900000, 0x000000070c900000, 0x000000070ca00000|  0%| F|  |TAMS 0x000000070c900000, 0x000000070c900000| Untracked 
| 202|0x000000070ca00000, 0x000000070ca00000, 0x000000070cb00000|  0%| F|  |TAMS 0x000000070ca00000, 0x000000070ca00000| Untracked 
| 203|0x000000070cb00000, 0x000000070cb00000, 0x000000070cc00000|  0%| F|  |TAMS 0x000000070cb00000, 0x000000070cb00000| Untracked 
| 204|0x000000070cc00000, 0x000000070cc00000, 0x000000070cd00000|  0%| F|  |TAMS 0x000000070cc00000, 0x000000070cc00000| Untracked 
| 205|0x000000070cd00000, 0x000000070cd00000, 0x000000070ce00000|  0%| F|  |TAMS 0x000000070cd00000, 0x000000070cd00000| Untracked 
| 206|0x000000070ce00000, 0x000000070ce00000, 0x000000070cf00000|  0%| F|  |TAMS 0x000000070ce00000, 0x000000070ce00000| Untracked 
| 207|0x000000070cf00000, 0x000000070cf00000, 0x000000070d000000|  0%| F|  |TAMS 0x000000070cf00000, 0x000000070cf00000| Untracked 
| 208|0x000000070d000000, 0x000000070d080c10, 0x000000070d100000| 50%| E|  |TAMS 0x000000070d000000, 0x000000070d000000| Complete 
| 209|0x000000070d100000, 0x000000070d200000, 0x000000070d200000|100%| E|CS|TAMS 0x000000070d100000, 0x000000070d100000| Complete 
| 210|0x000000070d200000, 0x000000070d300000, 0x000000070d300000|100%| E|CS|TAMS 0x000000070d200000, 0x000000070d200000| Complete 
| 211|0x000000070d300000, 0x000000070d400000, 0x000000070d400000|100%| E|CS|TAMS 0x000000070d300000, 0x000000070d300000| Complete 
| 212|0x000000070d400000, 0x000000070d500000, 0x000000070d500000|100%| E|CS|TAMS 0x000000070d400000, 0x000000070d400000| Complete 
| 213|0x000000070d500000, 0x000000070d600000, 0x000000070d600000|100%| E|CS|TAMS 0x000000070d500000, 0x000000070d500000| Complete 
| 214|0x000000070d600000, 0x000000070d700000, 0x000000070d700000|100%| E|CS|TAMS 0x000000070d600000, 0x000000070d600000| Complete 
| 215|0x000000070d700000, 0x000000070d800000, 0x000000070d800000|100%| E|CS|TAMS 0x000000070d700000, 0x000000070d700000| Complete 
| 216|0x000000070d800000, 0x000000070d900000, 0x000000070d900000|100%| E|CS|TAMS 0x000000070d800000, 0x000000070d800000| Complete 
| 217|0x000000070d900000, 0x000000070da00000, 0x000000070da00000|100%| E|CS|TAMS 0x000000070d900000, 0x000000070d900000| Complete 
| 218|0x000000070da00000, 0x000000070db00000, 0x000000070db00000|100%| E|CS|TAMS 0x000000070da00000, 0x000000070da00000| Complete 
| 219|0x000000070db00000, 0x000000070dc00000, 0x000000070dc00000|100%| E|CS|TAMS 0x000000070db00000, 0x000000070db00000| Complete 
| 220|0x000000070dc00000, 0x000000070dd00000, 0x000000070dd00000|100%| E|CS|TAMS 0x000000070dc00000, 0x000000070dc00000| Complete 
| 221|0x000000070dd00000, 0x000000070de00000, 0x000000070de00000|100%| E|CS|TAMS 0x000000070dd00000, 0x000000070dd00000| Complete 
| 222|0x000000070de00000, 0x000000070df00000, 0x000000070df00000|100%| E|CS|TAMS 0x000000070de00000, 0x000000070de00000| Complete 
| 223|0x000000070df00000, 0x000000070e000000, 0x000000070e000000|100%| E|CS|TAMS 0x000000070df00000, 0x000000070df00000| Complete 
| 224|0x000000070e000000, 0x000000070e100000, 0x000000070e100000|100%| E|CS|TAMS 0x000000070e000000, 0x000000070e000000| Complete 
| 225|0x000000070e100000, 0x000000070e200000, 0x000000070e200000|100%| E|CS|TAMS 0x000000070e100000, 0x000000070e100000| Complete 
| 226|0x000000070e200000, 0x000000070e300000, 0x000000070e300000|100%| E|CS|TAMS 0x000000070e200000, 0x000000070e200000| Complete 
| 227|0x000000070e300000, 0x000000070e400000, 0x000000070e400000|100%| E|CS|TAMS 0x000000070e300000, 0x000000070e300000| Complete 
| 228|0x000000070e400000, 0x000000070e500000, 0x000000070e500000|100%| E|CS|TAMS 0x000000070e400000, 0x000000070e400000| Complete 
| 229|0x000000070e500000, 0x000000070e600000, 0x000000070e600000|100%| E|CS|TAMS 0x000000070e500000, 0x000000070e500000| Complete 
| 230|0x000000070e600000, 0x000000070e700000, 0x000000070e700000|100%| E|CS|TAMS 0x000000070e600000, 0x000000070e600000| Complete 
| 231|0x000000070e700000, 0x000000070e800000, 0x000000070e800000|100%| E|CS|TAMS 0x000000070e700000, 0x000000070e700000| Complete 
| 232|0x000000070e800000, 0x000000070e900000, 0x000000070e900000|100%| E|CS|TAMS 0x000000070e800000, 0x000000070e800000| Complete 
| 233|0x000000070e900000, 0x000000070ea00000, 0x000000070ea00000|100%| E|CS|TAMS 0x000000070e900000, 0x000000070e900000| Complete 
| 234|0x000000070ea00000, 0x000000070eb00000, 0x000000070eb00000|100%| E|CS|TAMS 0x000000070ea00000, 0x000000070ea00000| Complete 
| 235|0x000000070eb00000, 0x000000070ec00000, 0x000000070ec00000|100%| E|CS|TAMS 0x000000070eb00000, 0x000000070eb00000| Complete 
| 236|0x000000070ec00000, 0x000000070ed00000, 0x000000070ed00000|100%| E|CS|TAMS 0x000000070ec00000, 0x000000070ec00000| Complete 
| 237|0x000000070ed00000, 0x000000070ee00000, 0x000000070ee00000|100%| E|CS|TAMS 0x000000070ed00000, 0x000000070ed00000| Complete 
| 238|0x000000070ee00000, 0x000000070ef00000, 0x000000070ef00000|100%| E|CS|TAMS 0x000000070ee00000, 0x000000070ee00000| Complete 
| 239|0x000000070ef00000, 0x000000070f000000, 0x000000070f000000|100%| E|CS|TAMS 0x000000070ef00000, 0x000000070ef00000| Complete 
| 240|0x000000070f000000, 0x000000070f100000, 0x000000070f100000|100%| S|CS|TAMS 0x000000070f000000, 0x000000070f000000| Complete 
| 241|0x000000070f100000, 0x000000070f200000, 0x000000070f200000|100%| S|CS|TAMS 0x000000070f100000, 0x000000070f100000| Complete 
| 242|0x000000070f200000, 0x000000070f300000, 0x000000070f300000|100%| E|CS|TAMS 0x000000070f200000, 0x000000070f200000| Complete 
| 243|0x000000070f300000, 0x000000070f400000, 0x000000070f400000|100%| E|CS|TAMS 0x000000070f300000, 0x000000070f300000| Complete 
| 244|0x000000070f400000, 0x000000070f500000, 0x000000070f500000|100%| E|CS|TAMS 0x000000070f400000, 0x000000070f400000| Complete 
| 245|0x000000070f500000, 0x000000070f600000, 0x000000070f600000|100%| E|CS|TAMS 0x000000070f500000, 0x000000070f500000| Complete 
| 246|0x000000070f600000, 0x000000070f700000, 0x000000070f700000|100%| E|CS|TAMS 0x000000070f600000, 0x000000070f600000| Complete 
| 247|0x000000070f700000, 0x000000070f800000, 0x000000070f800000|100%| E|CS|TAMS 0x000000070f700000, 0x000000070f700000| Complete 
| 248|0x000000070f800000, 0x000000070f900000, 0x000000070f900000|100%| E|CS|TAMS 0x000000070f800000, 0x000000070f800000| Complete 
| 249|0x000000070f900000, 0x000000070fa00000, 0x000000070fa00000|100%| E|  |TAMS 0x000000070f900000, 0x000000070f900000| Complete 
| 250|0x000000070fa00000, 0x000000070fb00000, 0x000000070fb00000|100%| E|CS|TAMS 0x000000070fa00000, 0x000000070fa00000| Complete 
| 251|0x000000070fb00000, 0x000000070fc00000, 0x000000070fc00000|100%| E|CS|TAMS 0x000000070fb00000, 0x000000070fb00000| Complete 
| 252|0x000000070fc00000, 0x000000070fd00000, 0x000000070fd00000|100%| E|CS|TAMS 0x000000070fc00000, 0x000000070fc00000| Complete 
| 253|0x000000070fd00000, 0x000000070fe00000, 0x000000070fe00000|100%| E|CS|TAMS 0x000000070fd00000, 0x000000070fd00000| Complete 
| 254|0x000000070fe00000, 0x000000070ff00000, 0x000000070ff00000|100%| E|CS|TAMS 0x000000070fe00000, 0x000000070fe00000| Complete 
| 255|0x000000070ff00000, 0x0000000710000000, 0x0000000710000000|100%| E|CS|TAMS 0x000000070ff00000, 0x000000070ff00000| Complete 

Card table byte_map: [0x0000025ce1dd0000,0x0000025ce25d0000] _byte_map_base: 0x0000025cde5d0000

Marking Bits (Prev, Next): (CMBitMap*) 0x0000025cc8340838, (CMBitMap*) 0x0000025cc8340870
 Prev Bits: [0x0000025ce2dd0000, 0x0000025ce6dd0000)
 Next Bits: [0x0000025ce6dd0000, 0x0000025ceadd0000)

Polling page: 0x0000025cc83b0000

Metaspace:

Usage:
  Non-class:     17.59 MB capacity,    17.20 MB ( 98%) used,   326.55 KB (  2%) free+waste,    74.38 KB ( <1%) overhead. 
      Class:      2.52 MB capacity,     2.26 MB ( 90%) used,   225.40 KB (  9%) free+waste,    37.69 KB (  1%) overhead. 
       Both:     20.11 MB capacity,    19.46 MB ( 97%) used,   551.95 KB (  3%) free+waste,   112.06 KB ( <1%) overhead. 

Virtual space:
  Non-class space:       18.00 MB reserved,      17.75 MB ( 99%) committed 
      Class space:        1.00 GB reserved,       2.63 MB ( <1%) committed 
             Both:        1.02 GB reserved,      20.38 MB (  2%) committed 

Chunk freelists:
   Non-Class:  4.25 KB
       Class:  2.00 KB
        Both:  6.25 KB

CodeHeap 'non-profiled nmethods': size=238912Kb used=2876Kb max_used=2876Kb free=236035Kb
 bounds [0x0000025cd2650000, 0x0000025cd2920000, 0x0000025ce0fa0000]
CodeHeap 'non-nmethods': size=6848Kb used=1236Kb max_used=1236Kb free=5611Kb
 bounds [0x0000025cd1fa0000, 0x0000025cd2210000, 0x0000025cd2650000]
 total_blobs=2413 nmethods=1961 adapters=385
 compilation: enabled
              stopped_count=0, restarted_count=0
 full_count=0

Compilation events (10 events):
Event: 2.567 Thread 0x0000025cedd87000 nmethod 1946 0x0000025cd2917b90 code [0x0000025cd2917d40, 0x0000025cd2917e28]
Event: 2.567 Thread 0x0000025cedd87000 1947       1       java.util.concurrent.ConcurrentLinkedDeque::linkFirst (114 bytes)
Event: 2.568 Thread 0x0000025cedd87000 nmethod 1947 0x0000025cd2917e90 code [0x0000025cd2918160, 0x0000025cd2918df8]
Event: 2.568 Thread 0x0000025cedd87000 1948       1       java.util.concurrent.ConcurrentLinkedDeque::newNode (18 bytes)
Event: 2.568 Thread 0x0000025cedd87000 nmethod 1948 0x0000025cd2919610 code [0x0000025cd29197e0, 0x0000025cd2919ab8]
Event: 2.568 Thread 0x0000025cedd87000 1945       1       org.springframework.core.convert.support.GenericConversionService$ConvertersForPair::add (11 bytes)
Event: 2.568 Thread 0x0000025cedd87000 nmethod 1945 0x0000025cd2919c90 code [0x0000025cd2919e40, 0x0000025cd2919f48]
Event: 2.568 Thread 0x0000025cedd87000 1943       1       org.springframework.core.ResolvableType::toClass (7 bytes)
Event: 2.568 Thread 0x0000025cedd87000 nmethod 1943 0x0000025cd291a010 code [0x0000025cd291a1a0, 0x0000025cd291a278]
Event: 2.568 Thread 0x0000025cedd87000 1950       1       java.util.stream.AbstractPipeline::copyInto (54 bytes)

GC Heap History (2 events):
Event: 1.647 GC heap before
{Heap before GC invocations=0 (full 0):
 garbage-first heap   total 262144K, used 14336K [0x0000000700000000, 0x0000000800000000)
  region size 1024K, 14 young (14336K), 0 survivors (0K)
 Metaspace       used 8337K, capacity 8472K, committed 8576K, reserved 1056768K
  class space    used 791K, capacity 830K, committed 896K, reserved 1048576K
}
Event: 1.650 GC heap after
{Heap after GC invocations=1 (full 0):
 garbage-first heap   total 262144K, used 4783K [0x0000000700000000, 0x0000000800000000)
  region size 1024K, 2 young (2048K), 2 survivors (2048K)
 Metaspace       used 8337K, capacity 8472K, committed 8576K, reserved 1056768K
  class space    used 791K, capacity 830K, committed 896K, reserved 1048576K
}

Deoptimization events (0 events):
No events

Classes redefined (0 events):
No events

Internal exceptions (10 events):
Event: 2.469 Thread 0x0000025cc82dd800 Exception <a 'java/lang/NoSuchMethodError'{0x000000070d700580}: java.lang.invoke.DirectMethodHandle$Holder.invokeStatic(Ljava/lang/Object;Ljava/lang/Object;Ljava/lang/Object;ILjava/lang/Object;)Ljava/lang/Object;> (0x000000070d700580) thrown at [./open/sr
Event: 2.470 Thread 0x0000025cc82dd800 Exception <a 'java/lang/NoSuchMethodError'{0x000000070d7071d8}: java.lang.invoke.Invokers$Holder.linkToTargetMethod(Ljava/lang/Object;Ljava/lang/Object;ILjava/lang/Object;Ljava/lang/Object;)Ljava/lang/Object;> (0x000000070d7071d8) thrown at [./open/src/ho
Event: 2.470 Thread 0x0000025cc82dd800 Exception <a 'java/lang/NoSuchMethodError'{0x000000070d70f2f8}: java.lang.invoke.DirectMethodHandle$Holder.invokeStatic(Ljava/lang/Object;ILjava/lang/Object;Ljava/lang/Object;)I> (0x000000070d70f2f8) thrown at [./open/src/hotspot/share/interpreter/linkRes
Event: 2.471 Thread 0x0000025cc82dd800 Exception <a 'java/lang/NoSuchMethodError'{0x000000070d716258}: java.lang.invoke.DirectMethodHandle$Holder.invokeStatic(Ljava/lang/Object;ILjava/lang/Object;)Ljava/lang/Object;> (0x000000070d716258) thrown at [./open/src/hotspot/share/interpreter/linkReso
Event: 2.471 Thread 0x0000025cc82dd800 Exception <a 'java/lang/NoSuchMethodError'{0x000000070d719868}: java.lang.invoke.DirectMethodHandle$Holder.invokeSpecialIFC(Ljava/lang/Object;Ljava/lang/Object;Ljava/lang/Object;Ljava/lang/Object;)I> (0x000000070d719868) thrown at [./open/src/hotspot/shar
Event: 2.516 Thread 0x0000025cc82dd800 Exception <a 'java/lang/NoSuchMethodError'{0x000000070d5e44d8}: java.lang.invoke.DirectMethodHandle$Holder.invokeStatic(Ljava/lang/Object;Ljava/lang/Object;I)V> (0x000000070d5e44d8) thrown at [./open/src/hotspot/share/interpreter/linkResolver.cpp, line 77
Event: 2.518 Thread 0x0000025cc82dd800 Exception <a 'java/lang/NoSuchMethodError'{0x000000070d5ed7a8}: java.lang.invoke.DirectMethodHandle$Holder.invokeStaticInit(Ljava/lang/Object;Ljava/lang/Object;)V> (0x000000070d5ed7a8) thrown at [./open/src/hotspot/share/interpreter/linkResolver.cpp, line
Event: 2.520 Thread 0x0000025cc82dd800 Exception <a 'java/lang/NoSuchMethodError'{0x000000070d408960}: java.lang.invoke.DirectMethodHandle$Holder.invokeStaticInit(Ljava/lang/Object;Ljava/lang/Object;Ljava/lang/Object;)V> (0x000000070d408960) thrown at [./open/src/hotspot/share/interpreter/link
Event: 2.533 Thread 0x0000025cc82dd800 Exception <a 'java/lang/NoSuchMethodError'{0x000000070d4d4440}: java.lang.invoke.DirectMethodHandle$Holder.invokeVirtual(Ljava/lang/Object;Ljava/lang/Object;Ljava/lang/Object;Ljava/lang/Object;)V> (0x000000070d4d4440) thrown at [./open/src/hotspot/share/i
Event: 2.561 Thread 0x0000025cc82dd800 Exception <a 'java/lang/NoSuchMethodError'{0x000000070d24d048}: java.lang.invoke.DirectMethodHandle$Holder.invokeSpecial(Ljava/lang/Object;Ljava/lang/Object;Ljava/lang/Object;Ljava/lang/Object;Ljava/lang/Object;)V> (0x000000070d24d048) thrown at [./open/s

Events (10 events):
Event: 2.567 loading class org/springframework/boot/SpringApplicationBannerPrinter$Banners
Event: 2.567 loading class org/springframework/boot/SpringApplicationBannerPrinter$Banners done
Event: 2.568 loading class java/net/MalformedURLException
Event: 2.568 loading class java/net/MalformedURLException done
Event: 2.568 Thread 0x0000025cc82dd800 DEOPT PACKING pc=0x0000025cd27a9f14 sp=0x00000076b60fee90
Event: 2.568 Thread 0x0000025cc82dd800 DEOPT UNPACKING pc=0x0000025cd1fdc98e sp=0x00000076b60fe4b8 mode 1
Event: 2.568 Thread 0x0000025cc82dd800 DEOPT PACKING pc=0x0000025cd27b051c sp=0x00000076b60ff0c0
Event: 2.568 Thread 0x0000025cc82dd800 DEOPT UNPACKING pc=0x0000025cd1fdc98e sp=0x00000076b60fe588 mode 1
Event: 2.568 loading class org/springframework/core/io/DefaultResourceLoader$ClassPathContextResource
Event: 2.568 loading class org/springframework/core/io/DefaultResourceLoader$ClassPathContextResource done


Dynamic libraries:
0x00007ff70d390000 - 0x00007ff70d39f000 	C:\Program Files\Java\jdk-11.0.11\bin\java.exe
0x00007ffdb0390000 - 0x00007ffdb0585000 	C:\Windows\SYSTEM32\ntdll.dll
0x00007ffdae700000 - 0x00007ffdae7be000 	C:\Windows\System32\KERNEL32.DLL
0x00007ffdadda0000 - 0x00007ffdae069000 	C:\Windows\System32\KERNELBASE.dll
0x00007ffdab330000 - 0x00007ffdab3c0000 	C:\Windows\SYSTEM32\apphelp.dll
0x00007ffdae0d0000 - 0x00007ffdae1d0000 	C:\Windows\System32\ucrtbase.dll
0x00007ffd941a0000 - 0x00007ffd941b8000 	C:\Program Files\Java\jdk-11.0.11\bin\jli.dll
0x00007ffdaefa0000 - 0x00007ffdaf04c000 	C:\Windows\System32\ADVAPI32.dll
0x00007ffdb0100000 - 0x00007ffdb019e000 	C:\Windows\System32\msvcrt.dll
0x00007ffdaef00000 - 0x00007ffdaef9b000 	C:\Windows\System32\sechost.dll
0x00007ffdae4b0000 - 0x00007ffdae5da000 	C:\Windows\System32\RPCRT4.dll
0x00007ffd94180000 - 0x00007ffd94195000 	C:\Program Files\Java\jdk-11.0.11\bin\VCRUNTIME140.dll
0x00007ffdaf3c0000 - 0x00007ffdaf561000 	C:\Windows\System32\USER32.dll
0x00007ffdae070000 - 0x00007ffdae092000 	C:\Windows\System32\win32u.dll
0x00007ffdafd10000 - 0x00007ffdafd3b000 	C:\Windows\System32\GDI32.dll
0x00007ffdadab0000 - 0x00007ffdadbbb000 	C:\Windows\System32\gdi32full.dll
0x00007ffd8e270000 - 0x00007ffd8e50a000 	C:\Windows\WinSxS\amd64_microsoft.windows.common-controls_6595b64144ccf1df_6.0.19041.1110_none_60b5254171f9507e\COMCTL32.dll
0x00007ffdadc10000 - 0x00007ffdadcad000 	C:\Windows\System32\msvcp_win.dll
0x00007ffda5920000 - 0x00007ffda592a000 	C:\Windows\SYSTEM32\VERSION.dll
0x00007ffdae5e0000 - 0x00007ffdae610000 	C:\Windows\System32\IMM32.DLL
0x00007ffd92550000 - 0x00007ffd925eb000 	C:\Program Files\Java\jdk-11.0.11\bin\msvcp140.dll
0x00007ffd64f90000 - 0x00007ffd65a8e000 	C:\Program Files\Java\jdk-11.0.11\bin\server\jvm.dll
0x00007ffdaed90000 - 0x00007ffdaed98000 	C:\Windows\System32\PSAPI.DLL
0x00007ffd9aac0000 - 0x00007ffd9aac9000 	C:\Windows\SYSTEM32\WSOCK32.dll
0x00007ffd8d410000 - 0x00007ffd8d437000 	C:\Windows\SYSTEM32\WINMM.dll
0x00007ffdaed20000 - 0x00007ffdaed8b000 	C:\Windows\System32\WS2_32.dll
0x00007ffdab9d0000 - 0x00007ffdab9e2000 	C:\Windows\SYSTEM32\kernel.appcore.dll
0x00007ffda64d0000 - 0x00007ffda64e0000 	C:\Program Files\Java\jdk-11.0.11\bin\verify.dll
0x00007ffda28d0000 - 0x00007ffda2ab4000 	C:\Windows\SYSTEM32\DBGHELP.DLL
0x00007ffda3310000 - 0x00007ffda333c000 	C:\Windows\SYSTEM32\dbgcore.DLL
0x00007ffdadcb0000 - 0x00007ffdadd33000 	C:\Windows\System32\bcryptPrimitives.dll
0x00007ffd92520000 - 0x00007ffd92548000 	C:\Program Files\Java\jdk-11.0.11\bin\java.dll
0x00007ffda3210000 - 0x00007ffda321a000 	C:\Program Files\Java\jdk-11.0.11\bin\jimage.dll
0x00007ffd80ae0000 - 0x00007ffd80b18000 	C:\Program Files\Java\jdk-11.0.11\bin\jdwp.dll
0x00007ffd9b030000 - 0x00007ffd9b03e000 	C:\Program Files\Java\jdk-11.0.11\bin\instrument.dll
0x00007ffd92460000 - 0x00007ffd92476000 	C:\Program Files\Java\jdk-11.0.11\bin\zip.dll
0x00007ffdaf5d0000 - 0x00007ffdafd0f000 	C:\Windows\System32\SHELL32.dll
0x00007ffdabbd0000 - 0x00007ffdac360000 	C:\Windows\SYSTEM32\windows.storage.dll
0x00007ffdaf060000 - 0x00007ffdaf3b5000 	C:\Windows\System32\combase.dll
0x00007ffdad430000 - 0x00007ffdad45c000 	C:\Windows\SYSTEM32\Wldp.dll
0x00007ffdaeda0000 - 0x00007ffdaee4e000 	C:\Windows\System32\SHCORE.dll
0x00007ffdae7c0000 - 0x00007ffdae815000 	C:\Windows\System32\shlwapi.dll
0x00007ffdad9f0000 - 0x00007ffdada0f000 	C:\Windows\SYSTEM32\profapi.dll
0x00007ffd94170000 - 0x00007ffd9417a000 	C:\Program Files\Java\jdk-11.0.11\bin\dt_socket.dll
0x00007ffdad190000 - 0x00007ffdad1fa000 	C:\Windows\system32\mswsock.dll
0x00007ffd8f7d0000 - 0x00007ffd8f7e9000 	C:\Program Files\Java\jdk-11.0.11\bin\net.dll
0x00007ffda62a0000 - 0x00007ffda63a8000 	C:\Windows\SYSTEM32\WINHTTP.dll
0x00007ffd84050000 - 0x00007ffd84062000 	C:\Program Files\Java\jdk-11.0.11\bin\nio.dll
0x00007ffdacec0000 - 0x00007ffdacf8c000 	C:\Windows\SYSTEM32\DNSAPI.dll
0x00007ffdace80000 - 0x00007ffdacebb000 	C:\Windows\SYSTEM32\IPHLPAPI.DLL
0x00007ffdae3e0000 - 0x00007ffdae3e8000 	C:\Windows\System32\NSI.dll
0x00007ffda4d50000 - 0x00007ffda4d5a000 	C:\Windows\System32\rasadhlp.dll
0x00007ffda56b0000 - 0x00007ffda572f000 	C:\Windows\System32\fwpuclnt.dll
0x00007ffdae0a0000 - 0x00007ffdae0c7000 	C:\Windows\System32\bcrypt.dll
0x00007ffd9ab00000 - 0x00007ffd9ab09000 	C:\Program Files\Java\jdk-11.0.11\bin\management.dll
0x00007ffd98e80000 - 0x00007ffd98e8b000 	C:\Program Files\Java\jdk-11.0.11\bin\management_ext.dll
0x00007ffdad380000 - 0x00007ffdad398000 	C:\Windows\SYSTEM32\CRYPTSP.dll
0x00007ffdacb10000 - 0x00007ffdacb44000 	C:\Windows\system32\rsaenh.dll
0x00007ffdad970000 - 0x00007ffdad99e000 	C:\Windows\SYSTEM32\USERENV.dll
0x00007ffdad3a0000 - 0x00007ffdad3ac000 	C:\Windows\SYSTEM32\CRYPTBASE.dll
0x00007ffda63b0000 - 0x00007ffda63c7000 	C:\Windows\SYSTEM32\dhcpcsvc6.DLL
0x00007ffda6280000 - 0x00007ffda629d000 	C:\Windows\SYSTEM32\dhcpcsvc.DLL
0x00007ffda03e0000 - 0x00007ffda03f7000 	C:\Windows\system32\napinsp.dll
0x00007ffda03c0000 - 0x00007ffda03db000 	C:\Windows\system32\pnrpnsp.dll
0x00007ffda03a0000 - 0x00007ffda03b5000 	C:\Windows\system32\wshbth.dll
0x00007ffda94d0000 - 0x00007ffda94ed000 	C:\Windows\system32\NLAapi.dll
0x00007ffda0380000 - 0x00007ffda0392000 	C:\Windows\System32\winrnr.dll

dbghelp: loaded successfully - version: 4.0.5 - missing functions: none
symbol engine: initialized successfully - sym options: 0x614 - pdb path: .;C:\Program Files\Java\jdk-11.0.11\bin;C:\Windows\SYSTEM32;C:\Windows\WinSxS\amd64_microsoft.windows.common-controls_6595b64144ccf1df_6.0.19041.1110_none_60b5254171f9507e;C:\Program Files\Java\jdk-11.0.11\bin\server

VM Arguments:
jvm_args: -agentlib:jdwp=transport=dt_socket,address=127.0.0.1:62138,suspend=y,server=n -XX:TieredStopAtLevel=1 -Xverify:none -Dspring.output.ansi.enabled=always -javaagent:C:\Users\tauan\AppData\Local\JetBrains\IntelliJIdea2021.1\captureAgent\debugger-agent.jar -Dcom.sun.management.jmxremote -Dspring.jmx.enabled=true -Dspring.liveBeansView.mbeanDomain -Dspring.application.admin.enabled=true -Dfile.encoding=UTF-8 
java_command: br.edu.infnet.AT_Web.AtWebApplication
java_class_path (initial): C:\Users\tauan\Desktop\ATAWS\AT_Web\target\classes;C:\Users\tauan\.m2\repository\org\springframework\boot\spring-boot-starter-web\2.5.5\spring-boot-starter-web-2.5.5.jar;C:\Users\tauan\.m2\repository\org\springframework\boot\spring-boot-starter\2.5.5\spring-boot-starter-2.5.5.jar;C:\Users\tauan\.m2\repository\org\springframework\boot\spring-boot\2.5.5\spring-boot-2.5.5.jar;C:\Users\tauan\.m2\repository\org\springframework\boot\spring-boot-autoconfigure\2.5.5\spring-boot-autoconfigure-2.5.5.jar;C:\Users\tauan\.m2\repository\org\springframework\boot\spring-boot-starter-logging\2.5.5\spring-boot-starter-logging-2.5.5.jar;C:\Users\tauan\.m2\repository\ch\qos\logback\logback-classic\1.2.6\logback-classic-1.2.6.jar;C:\Users\tauan\.m2\repository\ch\qos\logback\logback-core\1.2.6\logback-core-1.2.6.jar;C:\Users\tauan\.m2\repository\org\apache\logging\log4j\log4j-to-slf4j\2.14.1\log4j-to-slf4j-2.14.1.jar;C:\Users\tauan\.m2\repository\org\apache\logging\log4j\log4j-api\2.14.1\log4j-api-2.14.1.jar;C:\Users\tauan\.m2\repository\org\slf4j\jul-to-slf4j\1.7.32\jul-to-slf4j-1.7.32.jar;C:\Users\tauan\.m2\repository\jakarta\annotation\jakarta.annotation-api\1.3.5\jakarta.annotation-api-1.3.5.jar;C:\Users\tauan\.m2\repository\org\yaml\snakeyaml\1.28\snakeyaml-1.28.jar;C:\Users\tauan\.m2\repository\org\springframework\boot\spring-boot-starter-json\2.5.5\spring-boot-starter-json-2.5.5.jar;C:\Users\tauan\.m2\repository\com\fasterxml\jackson\datatype\jackson-datatype-jdk8\2.12.5\jackson-datatype-jdk8-2.12.5.jar;C:\Users\tauan\.m2\repository\com\fasterxml\jackson\datatype\jackson-datatype-jsr310\2.12.5\jackson-datatype-jsr310-2.12.5.jar;C:\Users\tauan\.m2\repository\com\fasterxml\jackson\module\jackson-module-parameter-names\2.12.5\jackson-module-parameter-names-2.12.5.jar;C:\Users\tauan\.m2\repository\org\springframework\boot\spring-boot-starter-tomcat\2.5.5\spring-boot-starter-tomcat-2.5.5.jar;C:\Users\tauan\.m2\repository\org\apache\tomcat\embed\tomcat-embed
Launcher Type: SUN_STANDARD

[Global flags]
     bool BytecodeVerificationLocal                = false                                     {product} {command line}
     bool BytecodeVerificationRemote               = false                                     {product} {command line}
     intx CICompilerCount                          = 3                                         {product} {ergonomic}
     uint ConcGCThreads                            = 1                                         {product} {ergonomic}
     uint G1ConcRefinementThreads                  = 4                                         {product} {ergonomic}
   size_t G1HeapRegionSize                         = 1048576                                   {product} {ergonomic}
    uintx GCDrainStackTargetSize                   = 64                                        {product} {ergonomic}
   size_t InitialHeapSize                          = 268435456                                 {product} {ergonomic}
     bool ManagementServer                         = true                                      {product} {command line}
   size_t MarkStackSize                            = 4194304                                   {product} {ergonomic}
   size_t MaxHeapSize                              = 4294967296                                {product} {ergonomic}
   size_t MaxNewSize                               = 2576351232                                {product} {ergonomic}
   size_t MinHeapDeltaBytes                        = 1048576                                   {product} {ergonomic}
    uintx NonNMethodCodeHeapSize                   = 6973028                                {pd product} {ergonomic}
    uintx NonProfiledCodeHeapSize                  = 244685212                              {pd product} {ergonomic}
    uintx ProfiledCodeHeapSize                     = 0                                      {pd product} {ergonomic}
    uintx ReservedCodeCacheSize                    = 251658240                              {pd product} {ergonomic}
     bool SegmentedCodeCache                       = true                                      {product} {ergonomic}
     intx TieredStopAtLevel                        = 1                                         {product} {command line}
     bool UseCompressedClassPointers               = true                                 {lp64_product} {ergonomic}
     bool UseCompressedOops                        = true                                 {lp64_product} {ergonomic}
     bool UseG1GC                                  = true                                      {product} {ergonomic}
     bool UseLargePagesIndividualAllocation        = false                                  {pd product} {ergonomic}

Logging:
Log output configuration:
 #0: stdout all=warning uptime,level,tags
 #1: stderr all=off uptime,level,tags

Environment Variables:
PATH=C:\Program Files\Common Files\Oracle\Java\javapath;C:\Windows\system32;C:\Windows;C:\Windows\System32\Wbem;C:\Windows\System32\WindowsPowerShell\v1.0\;C:\Windows\System32\OpenSSH\;C:\Program Files\Git\cmd;C:\Users\tauan\AppData\Local\Microsoft\WindowsApps;;C:\Users\tauan\AppData\Local\Programs\Microsoft VS Code\bin
USERNAME=tauan
OS=Windows_NT
PROCESSOR_IDENTIFIER=Intel64 Family 6 Model 85 Stepping 7, GenuineIntel



---------------  S Y S T E M  ---------------

OS: Windows 10 , 64 bit Build 19041 (10.0.19041.1202)
Hyper-V virtualization detected

CPU:total 4 (initial active 4) (4 cores per cpu, 1 threads per core) family 6 model 85 stepping 7 microcode 0xffffffff, cmov, cx8, fxsr, mmx, sse, sse2, sse3, ssse3, sse4.1, sse4.2, popcnt, avx, avx2, aes, clmul, erms, rtm, 3dnowpref, lzcnt, tsc, bmi1, bmi2, adx, evex, fma

Memory: 4k page, system-wide physical 16382M (11881M free)
TotalPageFile size 18814M (AvailPageFile size 12533M)
current process WorkingSet (physical memory assigned to process): 116M, peak: 116M
current process commit charge ("private bytes"): 356M, peak: 356M

vm_info: Java HotSpot(TM) 64-Bit Server VM (11.0.11+9-LTS-194) for windows-amd64 JRE (11.0.11+9-LTS-194), built on Mar 18 2021 18:46:53 by "mach5one" with MS VC++ 15.9 (VS2017)

END.
